This file contains any messages produced by compilers while
running configure, to aid debugging if configure makes a mistake.

It was created by pocketsphinx configure 0.7, which was
generated by GNU Autoconf 2.65.  Invocation command line was

  $ ./configure --prefix=/Users/james/Applications/Xcode.app/Contents/Developer/Platforms/iPhoneSimulator.platform/Developer/SDKs/iPhoneSimulator5.1.1.sdk --host=i386-apple-darwin --disable-shared --enable-static

## --------- ##
## Platform. ##
## --------- ##

hostname = Jamess-MacBook-Pro.local
uname -m = x86_64
uname -r = 11.4.0
uname -s = Darwin
uname -v = Darwin Kernel Version 11.4.0: Mon Apr  9 19:32:15 PDT 2012; root:xnu-1699.26.8~1/RELEASE_X86_64

/usr/bin/uname -p = i386
/bin/uname -X     = unknown

/bin/arch              = unknown
/usr/bin/arch -k       = unknown
/usr/convex/getsysinfo = unknown
/usr/bin/hostinfo      = Mach kernel version:
	 Darwin Kernel Version 11.4.0: Mon Apr  9 19:32:15 PDT 2012; root:xnu-1699.26.8~1/RELEASE_X86_64
Kernel configured for up to 4 processors.
2 processors are physically available.
4 processors are logically available.
Processor type: i486 (Intel 80486)
Processors active: 0 1 2 3
Primary memory available: 8.00 gigabytes
Default processor set: 220 tasks, 1147 threads, 4 processors
Load average: 1.78, Mach factor: 2.21
/bin/machine           = unknown
/usr/bin/oslevel       = unknown
/bin/universe          = unknown

PATH: /Users/james/perl5/perlbrew/bin
PATH: /Users/james/perl5/perlbrew/perls/current/bin
PATH: /Library/TeX/Distributions/TeXLive-2011.texdist/Contents/Programs/texbin
PATH: /usr/local/lib/node
PATH: /usr/local/ActivePerl-5.12/bin
PATH: /usr/local/ActivePerl-5.12/site/bin
PATH: /Users/james/bin
PATH: /Users/james/node_modules/.bin
PATH: /usr/local/bin
PATH: /usr/local/sbin
PATH: /Users/james/.rvm/bin
PATH: /Library/Frameworks/Python.framework/Versions/2.7/bin
PATH: /usr/bin
PATH: /bin
PATH: /usr/sbin
PATH: /sbin
PATH: /usr/local/bin
PATH: /usr/X11/bin
PATH: /Library/TeX/Distributions/TeXLive-2011.texdist/Contents/Programs/texbin
PATH: /usr/local/lib/node
PATH: /usr/local/ActivePerl-5.12/bin
PATH: /usr/local/ActivePerl-5.12/site/bin
PATH: /Users/james/bin
PATH: /Users/james/node_modules/.bin
PATH: /usr/local/sbin
PATH: /Library/Frameworks/Python.framework/Versions/2.7/bin
PATH: /Users/james/.rvm/gems/ruby-1.9.2-p136/bin
PATH: /Users/james/.rvm/gems/ruby-1.9.2-p136@global/bin
PATH: /Users/james/.rvm/rubies/ruby-1.9.2-p136/bin
PATH: /Users/james/.rvm/bin
PATH: /Developer/usr/bin
PATH: /Users/james/.rip/active/bin
PATH: /Developer/usr/bin
PATH: /Users/james/.rip/active/bin


## ----------- ##
## Core tests. ##
## ----------- ##

configure:2614: checking for a BSD-compatible install
configure:2682: result: /usr/local/bin/ginstall -c
configure:2693: checking whether build environment is sane
configure:2743: result: yes
configure:2792: checking for i386-apple-darwin-strip
configure:2822: result: no
configure:2832: checking for strip
configure:2848: found /usr/bin/strip
configure:2859: result: strip
configure:2884: checking for a thread-safe mkdir -p
configure:2923: result: /usr/local/bin/gmkdir -p
configure:2936: checking for gawk
configure:2966: result: no
configure:2936: checking for mawk
configure:2966: result: no
configure:2936: checking for nawk
configure:2966: result: no
configure:2936: checking for awk
configure:2952: found /usr/bin/awk
configure:2963: result: awk
configure:2974: checking whether make sets $(MAKE)
configure:2996: result: yes
configure:3076: checking build system type
configure:3090: result: x86_64-apple-darwin11.4.0
configure:3110: checking host system type
configure:3123: result: i386-apple-darwin
configure:3169: checking for i386-apple-darwin-gcc
configure:3196: result: /Applications/Xcode.app/Contents/Developer/Platforms/iPhoneSimulator.platform/Developer/usr/bin/gcc
configure:3465: checking for C compiler version
configure:3474: /Applications/Xcode.app/Contents/Developer/Platforms/iPhoneSimulator.platform/Developer/usr/bin/gcc --version >&5
i686-apple-darwin11-llvm-gcc-4.2 (GCC) 4.2.1 (Based on Apple Inc. build 5658) (LLVM build 2336.9.00)
Copyright (C) 2007 Free Software Foundation, Inc.
This is free software; see the source for copying conditions.  There is NO
warranty; not even for MERCHANTABILITY or FITNESS FOR A PARTICULAR PURPOSE.

configure:3485: $? = 0
configure:3474: /Applications/Xcode.app/Contents/Developer/Platforms/iPhoneSimulator.platform/Developer/usr/bin/gcc -v >&5
Using built-in specs.
Target: i686-apple-darwin11
Configured with: /private/var/tmp/llvmgcc42/llvmgcc42-2336.9~22/src/configure --disable-checking --enable-werror --prefix=/Applications/Xcode.app/Contents/Developer/usr/llvm-gcc-4.2 --mandir=/share/man --enable-languages=c,objc,c++,obj-c++ --program-prefix=llvm- --program-transform-name=/^[cg][^.-]*$/s/$/-4.2/ --with-slibdir=/usr/lib --build=i686-apple-darwin11 --enable-llvm=/private/var/tmp/llvmgcc42/llvmgcc42-2336.9~22/dst-llvmCore/Developer/usr/local --program-prefix=i686-apple-darwin11- --host=x86_64-apple-darwin11 --target=i686-apple-darwin11 --with-gxx-include-dir=/usr/include/c++/4.2.1
Thread model: posix
gcc version 4.2.1 (Based on Apple Inc. build 5658) (LLVM build 2336.9.00)
configure:3485: $? = 0
configure:3474: /Applications/Xcode.app/Contents/Developer/Platforms/iPhoneSimulator.platform/Developer/usr/bin/gcc -V >&5
llvm-gcc-4.2: argument to `-V' is missing
configure:3485: $? = 1
configure:3474: /Applications/Xcode.app/Contents/Developer/Platforms/iPhoneSimulator.platform/Developer/usr/bin/gcc -qversion >&5
i686-apple-darwin11-llvm-gcc-4.2: no input files
configure:3485: $? = 1
configure:3505: checking whether the C compiler works
configure:3527: /Applications/Xcode.app/Contents/Developer/Platforms/iPhoneSimulator.platform/Developer/usr/bin/gcc -arch i386 -pipe -Os -gdwarf-2 -isysroot /Applications/Xcode.app/Contents/Developer/Platforms/iPhoneSimulator.platform/Developer/SDKs/iPhoneSimulator5.1.1.sdk -D__IPHONE_OS_VERSION_MIN_REQUIRED=50000 -I/usr/include  -arch i386 -isysroot /Applications/Xcode.app/Contents/Developer/Platforms/iPhoneSimulator.platform/Developer/SDKs/iPhoneSimulator5.1.1.sdk conftest.c  -framework CoreAudio -framework AudioToolbox >&5
configure:3531: $? = 0
configure:3580: result: yes
configure:3583: checking for C compiler default output file name
configure:3585: result: a.out
configure:3591: checking for suffix of executables
configure:3598: /Applications/Xcode.app/Contents/Developer/Platforms/iPhoneSimulator.platform/Developer/usr/bin/gcc -o conftest -arch i386 -pipe -Os -gdwarf-2 -isysroot /Applications/Xcode.app/Contents/Developer/Platforms/iPhoneSimulator.platform/Developer/SDKs/iPhoneSimulator5.1.1.sdk -D__IPHONE_OS_VERSION_MIN_REQUIRED=50000 -I/usr/include  -arch i386 -isysroot /Applications/Xcode.app/Contents/Developer/Platforms/iPhoneSimulator.platform/Developer/SDKs/iPhoneSimulator5.1.1.sdk conftest.c  -framework CoreAudio -framework AudioToolbox >&5
configure:3602: $? = 0
configure:3624: result: 
configure:3646: checking whether we are cross compiling
configure:3654: /Applications/Xcode.app/Contents/Developer/Platforms/iPhoneSimulator.platform/Developer/usr/bin/gcc -o conftest -arch i386 -pipe -Os -gdwarf-2 -isysroot /Applications/Xcode.app/Contents/Developer/Platforms/iPhoneSimulator.platform/Developer/SDKs/iPhoneSimulator5.1.1.sdk -D__IPHONE_OS_VERSION_MIN_REQUIRED=50000 -I/usr/include  -arch i386 -isysroot /Applications/Xcode.app/Contents/Developer/Platforms/iPhoneSimulator.platform/Developer/SDKs/iPhoneSimulator5.1.1.sdk conftest.c  -framework CoreAudio -framework AudioToolbox >&5
configure:3658: $? = 0
configure:3665: ./conftest
configure:3669: $? = 0
configure:3684: result: no
configure:3689: checking for suffix of object files
configure:3711: /Applications/Xcode.app/Contents/Developer/Platforms/iPhoneSimulator.platform/Developer/usr/bin/gcc -c -arch i386 -pipe -Os -gdwarf-2 -isysroot /Applications/Xcode.app/Contents/Developer/Platforms/iPhoneSimulator.platform/Developer/SDKs/iPhoneSimulator5.1.1.sdk -D__IPHONE_OS_VERSION_MIN_REQUIRED=50000 -I/usr/include  conftest.c >&5
configure:3715: $? = 0
configure:3736: result: o
configure:3740: checking whether we are using the GNU C compiler
configure:3759: /Applications/Xcode.app/Contents/Developer/Platforms/iPhoneSimulator.platform/Developer/usr/bin/gcc -c -arch i386 -pipe -Os -gdwarf-2 -isysroot /Applications/Xcode.app/Contents/Developer/Platforms/iPhoneSimulator.platform/Developer/SDKs/iPhoneSimulator5.1.1.sdk -D__IPHONE_OS_VERSION_MIN_REQUIRED=50000 -I/usr/include  conftest.c >&5
configure:3759: $? = 0
configure:3768: result: yes
configure:3777: checking whether /Applications/Xcode.app/Contents/Developer/Platforms/iPhoneSimulator.platform/Developer/usr/bin/gcc accepts -g
configure:3797: /Applications/Xcode.app/Contents/Developer/Platforms/iPhoneSimulator.platform/Developer/usr/bin/gcc -c -g  conftest.c >&5
configure:3797: $? = 0
configure:3838: result: yes
configure:3855: checking for /Applications/Xcode.app/Contents/Developer/Platforms/iPhoneSimulator.platform/Developer/usr/bin/gcc option to accept ISO C89
configure:3919: /Applications/Xcode.app/Contents/Developer/Platforms/iPhoneSimulator.platform/Developer/usr/bin/gcc  -c -arch i386 -pipe -Os -gdwarf-2 -isysroot /Applications/Xcode.app/Contents/Developer/Platforms/iPhoneSimulator.platform/Developer/SDKs/iPhoneSimulator5.1.1.sdk -D__IPHONE_OS_VERSION_MIN_REQUIRED=50000 -I/usr/include  conftest.c >&5
configure:3919: $? = 0
configure:3932: result: none needed
configure:3963: checking for style of include used by make
configure:3991: result: GNU
configure:4016: checking dependency style of /Applications/Xcode.app/Contents/Developer/Platforms/iPhoneSimulator.platform/Developer/usr/bin/gcc
configure:4126: result: gcc3
configure:4166: checking for a sed that does not truncate output
configure:4230: result: /usr/bin/sed
configure:4248: checking for grep that handles long lines and -e
configure:4306: result: /usr/bin/grep
configure:4311: checking for egrep
configure:4373: result: /usr/bin/grep -E
configure:4378: checking for fgrep
configure:4440: result: /usr/bin/grep -F
configure:4475: checking for ld used by /Applications/Xcode.app/Contents/Developer/Platforms/iPhoneSimulator.platform/Developer/usr/bin/gcc
configure:4542: result: /Applications/Xcode.app/Contents/Developer/usr/llvm-gcc-4.2/libexec/gcc/i686-apple-darwin11/4.2.1/ld
configure:4549: checking if the linker (/Applications/Xcode.app/Contents/Developer/usr/llvm-gcc-4.2/libexec/gcc/i686-apple-darwin11/4.2.1/ld) is GNU ld
configure:4564: result: no
configure:4576: checking for BSD- or MS-compatible name lister (nm)
configure:4625: result: no
configure:4636: checking for i386-apple-darwin-dumpbin
configure:4666: result: no
configure:4636: checking for i386-apple-darwin-link
configure:4666: result: no
configure:4680: checking for dumpbin
configure:4710: result: no
configure:4680: checking for link
configure:4696: found /bin/link
configure:4707: result: link -dump -symbols
configure:4743: checking the name lister (link -dump -symbols) interface
configure:4750: /Applications/Xcode.app/Contents/Developer/Platforms/iPhoneSimulator.platform/Developer/usr/bin/gcc -c -arch i386 -pipe -Os -gdwarf-2 -isysroot /Applications/Xcode.app/Contents/Developer/Platforms/iPhoneSimulator.platform/Developer/SDKs/iPhoneSimulator5.1.1.sdk -D__IPHONE_OS_VERSION_MIN_REQUIRED=50000 -I/usr/include  conftest.c >&5
configure:4753: link -dump -symbols "conftest.o"
link: illegal option -- d
usage: ln [-Ffhinsv] source_file [target_file]
       ln [-Ffhinsv] source_file ... target_dir
       link source_file target_file
configure:4756: output
configure:4763: result: BSD nm
configure:4766: checking whether ln -s works
configure:4770: result: yes
configure:4778: checking the maximum length of command line arguments
configure:4898: result: 196608
configure:4915: checking whether the shell understands some XSI constructs
configure:4925: result: yes
configure:4929: checking whether the shell understands "+="
configure:4935: result: yes
configure:4970: checking for /Applications/Xcode.app/Contents/Developer/usr/llvm-gcc-4.2/libexec/gcc/i686-apple-darwin11/4.2.1/ld option to reload object files
configure:4977: result: -r
configure:5006: checking for i386-apple-darwin-objdump
configure:5036: result: no
configure:5046: checking for objdump
configure:5076: result: no
configure:5105: checking how to recognize dependent libraries
configure:5301: result: pass_all
configure:5321: checking for i386-apple-darwin-ar
configure:5351: result: no
configure:5361: checking for ar
configure:5377: found /usr/bin/ar
configure:5388: result: ar
configure:5426: checking for i386-apple-darwin-strip
configure:5453: result: strip
configure:5525: checking for i386-apple-darwin-ranlib
configure:5555: result: no
configure:5565: checking for ranlib
configure:5581: found /usr/bin/ranlib
configure:5592: result: ranlib
configure:5682: checking command to parse link -dump -symbols output from /Applications/Xcode.app/Contents/Developer/Platforms/iPhoneSimulator.platform/Developer/usr/bin/gcc object
configure:5800: /Applications/Xcode.app/Contents/Developer/Platforms/iPhoneSimulator.platform/Developer/usr/bin/gcc -c -arch i386 -pipe -Os -gdwarf-2 -isysroot /Applications/Xcode.app/Contents/Developer/Platforms/iPhoneSimulator.platform/Developer/SDKs/iPhoneSimulator5.1.1.sdk -D__IPHONE_OS_VERSION_MIN_REQUIRED=50000 -I/usr/include  conftest.c >&5
configure:5803: $? = 0
configure:5807: link -dump -symbols conftest.o \| sed -n -e 's/^.*[	 ]\([BCDEGRST][BCDEGRST]*\)[	 ][	 ]*\([_A-Za-z][_A-Za-z0-9]*\)$/\1 \2 \2/p' \> conftest.nm
link: illegal option -- d
usage: ln [-Ffhinsv] source_file [target_file]
       ln [-Ffhinsv] source_file ... target_dir
       link source_file target_file
configure:5810: $? = 0
cannot run sed -n -e 's/^.*[	 ]\([BCDEGRST][BCDEGRST]*\)[	 ][	 ]*\([_A-Za-z][_A-Za-z0-9]*\)$/\1 \2 \2/p'
configure:5800: /Applications/Xcode.app/Contents/Developer/Platforms/iPhoneSimulator.platform/Developer/usr/bin/gcc -c -arch i386 -pipe -Os -gdwarf-2 -isysroot /Applications/Xcode.app/Contents/Developer/Platforms/iPhoneSimulator.platform/Developer/SDKs/iPhoneSimulator5.1.1.sdk -D__IPHONE_OS_VERSION_MIN_REQUIRED=50000 -I/usr/include  conftest.c >&5
configure:5803: $? = 0
configure:5807: link -dump -symbols conftest.o \| sed -n -e 's/^.*[	 ]\([BCDEGRST][BCDEGRST]*\)[	 ][	 ]*_\([_A-Za-z][_A-Za-z0-9]*\)$/\1 _\2 \2/p' \> conftest.nm
link: illegal option -- d
usage: ln [-Ffhinsv] source_file [target_file]
       ln [-Ffhinsv] source_file ... target_dir
       link source_file target_file
configure:5810: $? = 0
cannot run sed -n -e 's/^.*[	 ]\([BCDEGRST][BCDEGRST]*\)[	 ][	 ]*_\([_A-Za-z][_A-Za-z0-9]*\)$/\1 _\2 \2/p'
configure:5902: result: failed
configure:6130: checking for i386-apple-darwin-dsymutil
configure:6160: result: no
configure:6170: checking for dsymutil
configure:6186: found /usr/bin/dsymutil
configure:6197: result: dsymutil
configure:6222: checking for i386-apple-darwin-nmedit
configure:6252: result: no
configure:6262: checking for nmedit
configure:6278: found /usr/bin/nmedit
configure:6289: result: nmedit
configure:6314: checking for i386-apple-darwin-lipo
configure:6344: result: no
configure:6354: checking for lipo
configure:6370: found /usr/bin/lipo
configure:6381: result: lipo
configure:6406: checking for i386-apple-darwin-otool
configure:6436: result: no
configure:6446: checking for otool
configure:6462: found /usr/bin/otool
configure:6473: result: otool
configure:6498: checking for i386-apple-darwin-otool64
configure:6528: result: no
configure:6538: checking for otool64
configure:6568: result: no
configure:6613: checking for -single_module linker flag
/Applications/Xcode.app/Contents/Developer/Platforms/iPhoneSimulator.platform/Developer/usr/bin/gcc -arch i386 -pipe -Os -gdwarf-2 -isysroot /Applications/Xcode.app/Contents/Developer/Platforms/iPhoneSimulator.platform/Developer/SDKs/iPhoneSimulator5.1.1.sdk -D__IPHONE_OS_VERSION_MIN_REQUIRED=50000 -I/usr/include -arch i386 -isysroot /Applications/Xcode.app/Contents/Developer/Platforms/iPhoneSimulator.platform/Developer/SDKs/iPhoneSimulator5.1.1.sdk -o libconftest.dylib -dynamiclib -Wl,-single_module conftest.c
configure:6640: result: yes
configure:6642: checking for -exported_symbols_list linker flag
configure:6662: /Applications/Xcode.app/Contents/Developer/Platforms/iPhoneSimulator.platform/Developer/usr/bin/gcc -o conftest -arch i386 -pipe -Os -gdwarf-2 -isysroot /Applications/Xcode.app/Contents/Developer/Platforms/iPhoneSimulator.platform/Developer/SDKs/iPhoneSimulator5.1.1.sdk -D__IPHONE_OS_VERSION_MIN_REQUIRED=50000 -I/usr/include  -arch i386 -isysroot /Applications/Xcode.app/Contents/Developer/Platforms/iPhoneSimulator.platform/Developer/SDKs/iPhoneSimulator5.1.1.sdk -Wl,-exported_symbols_list,conftest.sym conftest.c  -framework CoreAudio -framework AudioToolbox >&5
configure:6662: $? = 0
configure:6672: result: yes
configure:6714: checking how to run the C preprocessor
configure:6784: result: /Applications/Xcode.app/Contents/Developer/Platforms/iPhoneSimulator.platform/Developer/usr/bin/cpp
configure:6804: /Applications/Xcode.app/Contents/Developer/Platforms/iPhoneSimulator.platform/Developer/usr/bin/cpp  conftest.c
configure:6804: $? = 0
configure:6818: /Applications/Xcode.app/Contents/Developer/Platforms/iPhoneSimulator.platform/Developer/usr/bin/cpp  conftest.c
conftest.c:9: error: ac_nonexistent.h: No such file or directory
configure:6818: $? = 1
configure: failed program was:
| /* confdefs.h */
| #define PACKAGE_NAME "pocketsphinx"
| #define PACKAGE_TARNAME "pocketsphinx"
| #define PACKAGE_VERSION "0.7"
| #define PACKAGE_STRING "pocketsphinx 0.7"
| #define PACKAGE_BUGREPORT ""
| #define PACKAGE_URL ""
| /* end confdefs.h.  */
| #include <ac_nonexistent.h>
configure:6847: checking for ANSI C header files
configure:6867: /Applications/Xcode.app/Contents/Developer/Platforms/iPhoneSimulator.platform/Developer/usr/bin/gcc -c -arch i386 -pipe -Os -gdwarf-2 -isysroot /Applications/Xcode.app/Contents/Developer/Platforms/iPhoneSimulator.platform/Developer/SDKs/iPhoneSimulator5.1.1.sdk -D__IPHONE_OS_VERSION_MIN_REQUIRED=50000 -I/usr/include  conftest.c >&5
configure:6867: $? = 0
configure:6940: /Applications/Xcode.app/Contents/Developer/Platforms/iPhoneSimulator.platform/Developer/usr/bin/gcc -o conftest -arch i386 -pipe -Os -gdwarf-2 -isysroot /Applications/Xcode.app/Contents/Developer/Platforms/iPhoneSimulator.platform/Developer/SDKs/iPhoneSimulator5.1.1.sdk -D__IPHONE_OS_VERSION_MIN_REQUIRED=50000 -I/usr/include  -arch i386 -isysroot /Applications/Xcode.app/Contents/Developer/Platforms/iPhoneSimulator.platform/Developer/SDKs/iPhoneSimulator5.1.1.sdk conftest.c  -framework CoreAudio -framework AudioToolbox >&5
configure:6940: $? = 0
configure:6940: ./conftest
configure:6940: $? = 0
configure:6951: result: yes
configure:6964: checking for sys/types.h
configure:6964: /Applications/Xcode.app/Contents/Developer/Platforms/iPhoneSimulator.platform/Developer/usr/bin/gcc -c -arch i386 -pipe -Os -gdwarf-2 -isysroot /Applications/Xcode.app/Contents/Developer/Platforms/iPhoneSimulator.platform/Developer/SDKs/iPhoneSimulator5.1.1.sdk -D__IPHONE_OS_VERSION_MIN_REQUIRED=50000 -I/usr/include  conftest.c >&5
configure:6964: $? = 0
configure:6964: result: yes
configure:6964: checking for sys/stat.h
configure:6964: /Applications/Xcode.app/Contents/Developer/Platforms/iPhoneSimulator.platform/Developer/usr/bin/gcc -c -arch i386 -pipe -Os -gdwarf-2 -isysroot /Applications/Xcode.app/Contents/Developer/Platforms/iPhoneSimulator.platform/Developer/SDKs/iPhoneSimulator5.1.1.sdk -D__IPHONE_OS_VERSION_MIN_REQUIRED=50000 -I/usr/include  conftest.c >&5
configure:6964: $? = 0
configure:6964: result: yes
configure:6964: checking for stdlib.h
configure:6964: /Applications/Xcode.app/Contents/Developer/Platforms/iPhoneSimulator.platform/Developer/usr/bin/gcc -c -arch i386 -pipe -Os -gdwarf-2 -isysroot /Applications/Xcode.app/Contents/Developer/Platforms/iPhoneSimulator.platform/Developer/SDKs/iPhoneSimulator5.1.1.sdk -D__IPHONE_OS_VERSION_MIN_REQUIRED=50000 -I/usr/include  conftest.c >&5
configure:6964: $? = 0
configure:6964: result: yes
configure:6964: checking for string.h
configure:6964: /Applications/Xcode.app/Contents/Developer/Platforms/iPhoneSimulator.platform/Developer/usr/bin/gcc -c -arch i386 -pipe -Os -gdwarf-2 -isysroot /Applications/Xcode.app/Contents/Developer/Platforms/iPhoneSimulator.platform/Developer/SDKs/iPhoneSimulator5.1.1.sdk -D__IPHONE_OS_VERSION_MIN_REQUIRED=50000 -I/usr/include  conftest.c >&5
configure:6964: $? = 0
configure:6964: result: yes
configure:6964: checking for memory.h
configure:6964: /Applications/Xcode.app/Contents/Developer/Platforms/iPhoneSimulator.platform/Developer/usr/bin/gcc -c -arch i386 -pipe -Os -gdwarf-2 -isysroot /Applications/Xcode.app/Contents/Developer/Platforms/iPhoneSimulator.platform/Developer/SDKs/iPhoneSimulator5.1.1.sdk -D__IPHONE_OS_VERSION_MIN_REQUIRED=50000 -I/usr/include  conftest.c >&5
configure:6964: $? = 0
configure:6964: result: yes
configure:6964: checking for strings.h
configure:6964: /Applications/Xcode.app/Contents/Developer/Platforms/iPhoneSimulator.platform/Developer/usr/bin/gcc -c -arch i386 -pipe -Os -gdwarf-2 -isysroot /Applications/Xcode.app/Contents/Developer/Platforms/iPhoneSimulator.platform/Developer/SDKs/iPhoneSimulator5.1.1.sdk -D__IPHONE_OS_VERSION_MIN_REQUIRED=50000 -I/usr/include  conftest.c >&5
configure:6964: $? = 0
configure:6964: result: yes
configure:6964: checking for inttypes.h
configure:6964: /Applications/Xcode.app/Contents/Developer/Platforms/iPhoneSimulator.platform/Developer/usr/bin/gcc -c -arch i386 -pipe -Os -gdwarf-2 -isysroot /Applications/Xcode.app/Contents/Developer/Platforms/iPhoneSimulator.platform/Developer/SDKs/iPhoneSimulator5.1.1.sdk -D__IPHONE_OS_VERSION_MIN_REQUIRED=50000 -I/usr/include  conftest.c >&5
configure:6964: $? = 0
configure:6964: result: yes
configure:6964: checking for stdint.h
configure:6964: /Applications/Xcode.app/Contents/Developer/Platforms/iPhoneSimulator.platform/Developer/usr/bin/gcc -c -arch i386 -pipe -Os -gdwarf-2 -isysroot /Applications/Xcode.app/Contents/Developer/Platforms/iPhoneSimulator.platform/Developer/SDKs/iPhoneSimulator5.1.1.sdk -D__IPHONE_OS_VERSION_MIN_REQUIRED=50000 -I/usr/include  conftest.c >&5
configure:6964: $? = 0
configure:6964: result: yes
configure:6964: checking for unistd.h
configure:6964: /Applications/Xcode.app/Contents/Developer/Platforms/iPhoneSimulator.platform/Developer/usr/bin/gcc -c -arch i386 -pipe -Os -gdwarf-2 -isysroot /Applications/Xcode.app/Contents/Developer/Platforms/iPhoneSimulator.platform/Developer/SDKs/iPhoneSimulator5.1.1.sdk -D__IPHONE_OS_VERSION_MIN_REQUIRED=50000 -I/usr/include  conftest.c >&5
configure:6964: $? = 0
configure:6964: result: yes
configure:6979: checking for dlfcn.h
configure:6979: /Applications/Xcode.app/Contents/Developer/Platforms/iPhoneSimulator.platform/Developer/usr/bin/gcc -c -arch i386 -pipe -Os -gdwarf-2 -isysroot /Applications/Xcode.app/Contents/Developer/Platforms/iPhoneSimulator.platform/Developer/SDKs/iPhoneSimulator5.1.1.sdk -D__IPHONE_OS_VERSION_MIN_REQUIRED=50000 -I/usr/include  conftest.c >&5
configure:6979: $? = 0
configure:6979: result: yes
configure:7163: checking for objdir
configure:7178: result: .libs
configure:7470: checking if /Applications/Xcode.app/Contents/Developer/Platforms/iPhoneSimulator.platform/Developer/usr/bin/gcc supports -fno-rtti -fno-exceptions
configure:7488: /Applications/Xcode.app/Contents/Developer/Platforms/iPhoneSimulator.platform/Developer/usr/bin/gcc -c -arch i386 -pipe -Os -gdwarf-2 -isysroot /Applications/Xcode.app/Contents/Developer/Platforms/iPhoneSimulator.platform/Developer/SDKs/iPhoneSimulator5.1.1.sdk -D__IPHONE_OS_VERSION_MIN_REQUIRED=50000 -I/usr/include  -fno-rtti -fno-exceptions conftest.c >&5
cc1: warning: command line option "-fno-rtti" is valid for C++/ObjC++ but not for C
configure:7492: $? = 0
configure:7505: result: no
configure:7525: checking for /Applications/Xcode.app/Contents/Developer/Platforms/iPhoneSimulator.platform/Developer/usr/bin/gcc option to produce PIC
configure:7797: result: -fno-common -DPIC
configure:7809: checking if /Applications/Xcode.app/Contents/Developer/Platforms/iPhoneSimulator.platform/Developer/usr/bin/gcc PIC flag -fno-common -DPIC works
configure:7827: /Applications/Xcode.app/Contents/Developer/Platforms/iPhoneSimulator.platform/Developer/usr/bin/gcc -c -arch i386 -pipe -Os -gdwarf-2 -isysroot /Applications/Xcode.app/Contents/Developer/Platforms/iPhoneSimulator.platform/Developer/SDKs/iPhoneSimulator5.1.1.sdk -D__IPHONE_OS_VERSION_MIN_REQUIRED=50000 -I/usr/include  -fno-common -DPIC -DPIC conftest.c >&5
configure:7831: $? = 0
configure:7844: result: yes
configure:7868: checking if /Applications/Xcode.app/Contents/Developer/Platforms/iPhoneSimulator.platform/Developer/usr/bin/gcc static flag -static works
configure:7896: result: no
configure:7911: checking if /Applications/Xcode.app/Contents/Developer/Platforms/iPhoneSimulator.platform/Developer/usr/bin/gcc supports -c -o file.o
configure:7932: /Applications/Xcode.app/Contents/Developer/Platforms/iPhoneSimulator.platform/Developer/usr/bin/gcc -c -arch i386 -pipe -Os -gdwarf-2 -isysroot /Applications/Xcode.app/Contents/Developer/Platforms/iPhoneSimulator.platform/Developer/SDKs/iPhoneSimulator5.1.1.sdk -D__IPHONE_OS_VERSION_MIN_REQUIRED=50000 -I/usr/include  -o out/conftest2.o conftest.c >&5
configure:7936: $? = 0
configure:7958: result: yes
configure:7966: checking if /Applications/Xcode.app/Contents/Developer/Platforms/iPhoneSimulator.platform/Developer/usr/bin/gcc supports -c -o file.o
configure:8013: result: yes
configure:8046: checking whether the /Applications/Xcode.app/Contents/Developer/Platforms/iPhoneSimulator.platform/Developer/usr/bin/gcc linker (/Applications/Xcode.app/Contents/Developer/usr/llvm-gcc-4.2/libexec/gcc/i686-apple-darwin11/4.2.1/ld) supports shared libraries
configure:9032: result: yes
configure:9271: checking dynamic linker characteristics
configure:9925: result: darwin dyld
configure:10027: checking how to hardcode library paths into programs
configure:10052: result: immediate
configure:10572: checking whether stripping libraries is possible
configure:10586: result: yes
configure:10612: checking if libtool supports shared libraries
configure:10614: result: yes
configure:10617: checking whether to build shared libraries
configure:10638: result: no
configure:10641: checking whether to build static libraries
configure:10645: result: yes
configure:10680: checking whether byte ordering is bigendian
configure:10695: /Applications/Xcode.app/Contents/Developer/Platforms/iPhoneSimulator.platform/Developer/usr/bin/gcc -c -arch i386 -pipe -Os -gdwarf-2 -isysroot /Applications/Xcode.app/Contents/Developer/Platforms/iPhoneSimulator.platform/Developer/SDKs/iPhoneSimulator5.1.1.sdk -D__IPHONE_OS_VERSION_MIN_REQUIRED=50000 -I/usr/include  conftest.c >&5
configure:10695: $? = 0
configure:10740: /Applications/Xcode.app/Contents/Developer/Platforms/iPhoneSimulator.platform/Developer/usr/bin/gcc -c -arch i386 -pipe -Os -gdwarf-2 -isysroot /Applications/Xcode.app/Contents/Developer/Platforms/iPhoneSimulator.platform/Developer/SDKs/iPhoneSimulator5.1.1.sdk -D__IPHONE_OS_VERSION_MIN_REQUIRED=50000 -I/usr/include  conftest.c >&5
configure:10740: $? = 0
configure:10758: /Applications/Xcode.app/Contents/Developer/Platforms/iPhoneSimulator.platform/Developer/usr/bin/gcc -c -arch i386 -pipe -Os -gdwarf-2 -isysroot /Applications/Xcode.app/Contents/Developer/Platforms/iPhoneSimulator.platform/Developer/SDKs/iPhoneSimulator5.1.1.sdk -D__IPHONE_OS_VERSION_MIN_REQUIRED=50000 -I/usr/include  conftest.c >&5
conftest.c: In function 'main':
conftest.c:28: error: 'not' undeclared (first use in this function)
conftest.c:28: error: (Each undeclared identifier is reported only once
conftest.c:28: error: for each function it appears in.)
conftest.c:28: error: expected ';' before 'big'
configure:10758: $? = 1
configure: failed program was:
| /* confdefs.h */
| #define PACKAGE_NAME "pocketsphinx"
| #define PACKAGE_TARNAME "pocketsphinx"
| #define PACKAGE_VERSION "0.7"
| #define PACKAGE_STRING "pocketsphinx 0.7"
| #define PACKAGE_BUGREPORT ""
| #define PACKAGE_URL ""
| #define STDC_HEADERS 1
| #define HAVE_SYS_TYPES_H 1
| #define HAVE_SYS_STAT_H 1
| #define HAVE_STDLIB_H 1
| #define HAVE_STRING_H 1
| #define HAVE_MEMORY_H 1
| #define HAVE_STRINGS_H 1
| #define HAVE_INTTYPES_H 1
| #define HAVE_STDINT_H 1
| #define HAVE_UNISTD_H 1
| #define HAVE_DLFCN_H 1
| #define LT_OBJDIR ".libs/"
| /* end confdefs.h.  */
| #include <sys/types.h>
| 		#include <sys/param.h>
| 
| int
| main ()
| {
| #if BYTE_ORDER != BIG_ENDIAN
| 		 not big endian
| 		#endif
| 
|   ;
|   return 0;
| }
configure:10886: result: no
configure:10904: checking for long long
configure:10904: /Applications/Xcode.app/Contents/Developer/Platforms/iPhoneSimulator.platform/Developer/usr/bin/gcc -c -arch i386 -pipe -Os -gdwarf-2 -isysroot /Applications/Xcode.app/Contents/Developer/Platforms/iPhoneSimulator.platform/Developer/SDKs/iPhoneSimulator5.1.1.sdk -D__IPHONE_OS_VERSION_MIN_REQUIRED=50000 -I/usr/include  conftest.c >&5
configure:10904: $? = 0
configure:10904: /Applications/Xcode.app/Contents/Developer/Platforms/iPhoneSimulator.platform/Developer/usr/bin/gcc -c -arch i386 -pipe -Os -gdwarf-2 -isysroot /Applications/Xcode.app/Contents/Developer/Platforms/iPhoneSimulator.platform/Developer/SDKs/iPhoneSimulator5.1.1.sdk -D__IPHONE_OS_VERSION_MIN_REQUIRED=50000 -I/usr/include  conftest.c >&5
conftest.c: In function 'main':
conftest.c:57: error: expected expression before ')' token
configure:10904: $? = 1
configure: failed program was:
| /* confdefs.h */
| #define PACKAGE_NAME "pocketsphinx"
| #define PACKAGE_TARNAME "pocketsphinx"
| #define PACKAGE_VERSION "0.7"
| #define PACKAGE_STRING "pocketsphinx 0.7"
| #define PACKAGE_BUGREPORT ""
| #define PACKAGE_URL ""
| #define STDC_HEADERS 1
| #define HAVE_SYS_TYPES_H 1
| #define HAVE_SYS_STAT_H 1
| #define HAVE_STDLIB_H 1
| #define HAVE_STRING_H 1
| #define HAVE_MEMORY_H 1
| #define HAVE_STRINGS_H 1
| #define HAVE_INTTYPES_H 1
| #define HAVE_STDINT_H 1
| #define HAVE_UNISTD_H 1
| #define HAVE_DLFCN_H 1
| #define LT_OBJDIR ".libs/"
| /* end confdefs.h.  */
| #include <stdio.h>
| #ifdef HAVE_SYS_TYPES_H
| # include <sys/types.h>
| #endif
| #ifdef HAVE_SYS_STAT_H
| # include <sys/stat.h>
| #endif
| #ifdef STDC_HEADERS
| # include <stdlib.h>
| # include <stddef.h>
| #else
| # ifdef HAVE_STDLIB_H
| #  include <stdlib.h>
| # endif
| #endif
| #ifdef HAVE_STRING_H
| # if !defined STDC_HEADERS && defined HAVE_MEMORY_H
| #  include <memory.h>
| # endif
| # include <string.h>
| #endif
| #ifdef HAVE_STRINGS_H
| # include <strings.h>
| #endif
| #ifdef HAVE_INTTYPES_H
| # include <inttypes.h>
| #endif
| #ifdef HAVE_STDINT_H
| # include <stdint.h>
| #endif
| #ifdef HAVE_UNISTD_H
| # include <unistd.h>
| #endif
| int
| main ()
| {
| if (sizeof ((long long)))
| 	    return 0;
|   ;
|   return 0;
| }
configure:10904: result: yes
configure:10918: checking size of long long
configure:10923: /Applications/Xcode.app/Contents/Developer/Platforms/iPhoneSimulator.platform/Developer/usr/bin/gcc -o conftest -arch i386 -pipe -Os -gdwarf-2 -isysroot /Applications/Xcode.app/Contents/Developer/Platforms/iPhoneSimulator.platform/Developer/SDKs/iPhoneSimulator5.1.1.sdk -D__IPHONE_OS_VERSION_MIN_REQUIRED=50000 -I/usr/include  -arch i386 -isysroot /Applications/Xcode.app/Contents/Developer/Platforms/iPhoneSimulator.platform/Developer/SDKs/iPhoneSimulator5.1.1.sdk conftest.c  -framework CoreAudio -framework AudioToolbox >&5
configure:10923: $? = 0
configure:10923: ./conftest
configure:10923: $? = 0
configure:10938: result: 8
configure:10950: checking for dup2
configure:10950: /Applications/Xcode.app/Contents/Developer/Platforms/iPhoneSimulator.platform/Developer/usr/bin/gcc -o conftest -arch i386 -pipe -Os -gdwarf-2 -isysroot /Applications/Xcode.app/Contents/Developer/Platforms/iPhoneSimulator.platform/Developer/SDKs/iPhoneSimulator5.1.1.sdk -D__IPHONE_OS_VERSION_MIN_REQUIRED=50000 -I/usr/include  -arch i386 -isysroot /Applications/Xcode.app/Contents/Developer/Platforms/iPhoneSimulator.platform/Developer/SDKs/iPhoneSimulator5.1.1.sdk conftest.c  -framework CoreAudio -framework AudioToolbox >&5
configure:10950: $? = 0
configure:10950: result: yes
configure:10962: checking for pkg-config
configure:10978: found /usr/local/bin/pkg-config
configure:10990: result: yes
configure:11001: checking for doxygen
configure:11029: result: no
configure:11071: checking for python
configure:11089: found /usr/local/bin/python
configure:11102: result: /usr/local/bin/python
configure:11112: checking for python-config
configure:11130: found /usr/local/bin/python-config
configure:11143: result: /usr/local/bin/python-config
configure:11155: checking Python.h usability
configure:11155: /Applications/Xcode.app/Contents/Developer/Platforms/iPhoneSimulator.platform/Developer/usr/bin/gcc -c -arch i386 -pipe -Os -gdwarf-2 -isysroot /Applications/Xcode.app/Contents/Developer/Platforms/iPhoneSimulator.platform/Developer/SDKs/iPhoneSimulator5.1.1.sdk -D__IPHONE_OS_VERSION_MIN_REQUIRED=50000 -I/usr/include  -I/Library/Frameworks/Python.framework/Versions/2.7/include/python2.7 -I/Library/Frameworks/Python.framework/Versions/2.7/include/python2.7 conftest.c >&5
configure:11155: $? = 0
configure:11155: result: yes
configure:11155: checking Python.h presence
configure:11155: /Applications/Xcode.app/Contents/Developer/Platforms/iPhoneSimulator.platform/Developer/usr/bin/cpp  -I/Library/Frameworks/Python.framework/Versions/2.7/include/python2.7 -I/Library/Frameworks/Python.framework/Versions/2.7/include/python2.7 conftest.c
In file included from /usr/include/stdio.h:500,
                 from /Library/Frameworks/Python.framework/Versions/2.7/include/python2.7/Python.h:34,
                 from conftest.c:25:
/usr/include/secure/_stdio.h:49: error: syntax error in macro parameter list
/usr/include/secure/_stdio.h:57: error: syntax error in macro parameter list
configure:11155: $? = 1
configure: failed program was:
| /* confdefs.h */
| #define PACKAGE_NAME "pocketsphinx"
| #define PACKAGE_TARNAME "pocketsphinx"
| #define PACKAGE_VERSION "0.7"
| #define PACKAGE_STRING "pocketsphinx 0.7"
| #define PACKAGE_BUGREPORT ""
| #define PACKAGE_URL ""
| #define STDC_HEADERS 1
| #define HAVE_SYS_TYPES_H 1
| #define HAVE_SYS_STAT_H 1
| #define HAVE_STDLIB_H 1
| #define HAVE_STRING_H 1
| #define HAVE_MEMORY_H 1
| #define HAVE_STRINGS_H 1
| #define HAVE_INTTYPES_H 1
| #define HAVE_STDINT_H 1
| #define HAVE_UNISTD_H 1
| #define HAVE_DLFCN_H 1
| #define LT_OBJDIR ".libs/"
| #define HAVE_LONG_LONG 1
| #define SIZEOF_LONG_LONG 8
| #define HAVE_DUP2 1
| /* end confdefs.h.  */
| #include <Python.h>
configure:11155: result: no
configure:11155: WARNING: Python.h: accepted by the compiler, rejected by the preprocessor!
configure:11155: WARNING: Python.h: proceeding with the compiler's result
configure:11155: checking for Python.h
configure:11155: result: yes
configure:11184: checking for cython
configure:11212: result: no
configure:11237: checking for i386-apple-darwin-pkg-config
configure:11270: result: no
configure:11280: checking for pkg-config
configure:11298: found /usr/local/bin/pkg-config
configure:11310: result: /usr/local/bin/pkg-config
configure:11335: checking pkg-config is at least version 0.9.0
configure:11338: result: yes
configure:11349: checking for GStreamer
configure:11359: $PKG_CONFIG --exists --print-errors "gstreamer-$GST_MAJORMINOR >= 0.10.0
		       gstreamer-base-$GST_MAJORMINOR >= 0.10.0
		       gstreamer-plugins-base-$GST_MAJORMINOR >= 0.10.0"
Package gstreamer-0.10 was not found in the pkg-config search path.
Perhaps you should add the directory containing `gstreamer-0.10.pc'
to the PKG_CONFIG_PATH environment variable
No package 'gstreamer-0.10' found
Package gstreamer-base-0.10 was not found in the pkg-config search path.
Perhaps you should add the directory containing `gstreamer-base-0.10.pc'
to the PKG_CONFIG_PATH environment variable
No package 'gstreamer-base-0.10' found
Package gstreamer-plugins-base-0.10 was not found in the pkg-config search path.
Perhaps you should add the directory containing `gstreamer-plugins-base-0.10.pc'
to the PKG_CONFIG_PATH environment variable
No package 'gstreamer-plugins-base-0.10' found
configure:11364: $? = 1
configure:11383: $PKG_CONFIG --exists --print-errors "gstreamer-$GST_MAJORMINOR >= 0.10.0
		       gstreamer-base-$GST_MAJORMINOR >= 0.10.0
		       gstreamer-plugins-base-$GST_MAJORMINOR >= 0.10.0"
Package gstreamer-0.10 was not found in the pkg-config search path.
Perhaps you should add the directory containing `gstreamer-0.10.pc'
to the PKG_CONFIG_PATH environment variable
No package 'gstreamer-0.10' found
Package gstreamer-base-0.10 was not found in the pkg-config search path.
Perhaps you should add the directory containing `gstreamer-base-0.10.pc'
to the PKG_CONFIG_PATH environment variable
No package 'gstreamer-base-0.10' found
Package gstreamer-plugins-base-0.10 was not found in the pkg-config search path.
Perhaps you should add the directory containing `gstreamer-plugins-base-0.10.pc'
to the PKG_CONFIG_PATH environment variable
No package 'gstreamer-plugins-base-0.10' found
configure:11388: $? = 1
No package 'gstreamer-0.10' found
No package 'gstreamer-base-0.10' found
No package 'gstreamer-plugins-base-0.10' found
configure:11422: result: no
configure:11489: checking for sphinxbase in /Users/james/SDKs/pocketsphinx-0.7/../sphinxbase
configure:11497: result: no
configure:11489: checking for sphinxbase in /Users/james/SDKs/pocketsphinx-0.7/../sphinxbase-0.7
configure:11493: result: yes
configure:11622: checking for /Users/james/SDKs/pocketsphinx-0.7/../sphinxbase-0.7/include/sphinxbase/prim_type.h
configure:11636: result: yes
configure:11651: checking for /Users/james/SDKs/pocketsphinx-0.7/../sphinxbase-0.7/src/libsphinxbase/libsphinxbase.la
configure:11665: result: yes
configure:11858: creating ./config.status

## ---------------------- ##
## Running config.status. ##
## ---------------------- ##

This file was extended by pocketsphinx config.status 0.7, which was
generated by GNU Autoconf 2.65.  Invocation command line was

  CONFIG_FILES    = 
  CONFIG_HEADERS  = 
  CONFIG_LINKS    = 
  CONFIG_COMMANDS = 
  $ ./config.status 

on Jamess-MacBook-Pro.local

config.status:1030: creating pocketsphinx.pc
config.status:1030: creating Makefile
config.status:1030: creating include/Makefile
config.status:1030: creating python/Makefile
config.status:1030: creating python/setup.py
config.status:1030: creating src/Makefile
config.status:1030: creating src/libpocketsphinx/Makefile
config.status:1030: creating src/programs/Makefile
config.status:1030: creating src/gst-plugin/Makefile
config.status:1030: creating doc/Makefile
config.status:1030: creating doc/doxyfile
config.status:1030: creating model/Makefile
config.status:1030: creating model/hmm/Makefile
config.status:1030: creating model/lm/Makefile
config.status:1030: creating scripts/Makefile
config.status:1030: creating test/Makefile
config.status:1030: creating test/testfuncs.sh
config.status:1030: creating test/unit/Makefile
config.status:1030: creating test/regression/Makefile
config.status:1193: executing depfiles commands
config.status:1193: executing libtool commands

## ---------------- ##
## Cache variables. ##
## ---------------- ##

ac_cv_build=x86_64-apple-darwin11.4.0
ac_cv_c_bigendian=no
ac_cv_c_compiler_gnu=yes
ac_cv_env_CC_set=set
ac_cv_env_CC_value=/Applications/Xcode.app/Contents/Developer/Platforms/iPhoneSimulator.platform/Developer/usr/bin/gcc
ac_cv_env_CFLAGS_set=set
ac_cv_env_CFLAGS_value='-arch i386 -pipe -Os -gdwarf-2 -isysroot /Applications/Xcode.app/Contents/Developer/Platforms/iPhoneSimulator.platform/Developer/SDKs/iPhoneSimulator5.1.1.sdk -D__IPHONE_OS_VERSION_MIN_REQUIRED=50000 -I/usr/include'
ac_cv_env_CPPFLAGS_set=
ac_cv_env_CPPFLAGS_value=
ac_cv_env_CPP_set=set
ac_cv_env_CPP_value=/Applications/Xcode.app/Contents/Developer/Platforms/iPhoneSimulator.platform/Developer/usr/bin/cpp
ac_cv_env_GStreamer_CFLAGS_set=
ac_cv_env_GStreamer_CFLAGS_value=
ac_cv_env_GStreamer_LIBS_set=
ac_cv_env_GStreamer_LIBS_value=
ac_cv_env_LDFLAGS_set=set
ac_cv_env_LDFLAGS_value='-arch i386 -isysroot /Applications/Xcode.app/Contents/Developer/Platforms/iPhoneSimulator.platform/Developer/SDKs/iPhoneSimulator5.1.1.sdk'
ac_cv_env_LIBS_set=
ac_cv_env_LIBS_value=
ac_cv_env_PKG_CONFIG_set=
ac_cv_env_PKG_CONFIG_value=
ac_cv_env_SphinxBase_CFLAGS_set=
ac_cv_env_SphinxBase_CFLAGS_value=
ac_cv_env_SphinxBase_LIBS_set=
ac_cv_env_SphinxBase_LIBS_value=
ac_cv_env_build_alias_set=
ac_cv_env_build_alias_value=
ac_cv_env_host_alias_set=set
ac_cv_env_host_alias_value=i386-apple-darwin
ac_cv_env_target_alias_set=
ac_cv_env_target_alias_value=
ac_cv_file__Users_james_SDKs_pocketsphinx_0_7____sphinxbase_0_7_include_sphinxbase_prim_type_h=yes
ac_cv_file__Users_james_SDKs_pocketsphinx_0_7____sphinxbase_0_7_src_libsphinxbase_libsphinxbase_la=yes
ac_cv_func_dup2=yes
ac_cv_header_Python_h=yes
ac_cv_header_dlfcn_h=yes
ac_cv_header_inttypes_h=yes
ac_cv_header_memory_h=yes
ac_cv_header_stdc=yes
ac_cv_header_stdint_h=yes
ac_cv_header_stdlib_h=yes
ac_cv_header_string_h=yes
ac_cv_header_strings_h=yes
ac_cv_header_sys_stat_h=yes
ac_cv_header_sys_types_h=yes
ac_cv_header_unistd_h=yes
ac_cv_host=i386-apple-darwin
ac_cv_objext=o
ac_cv_path_EGREP='/usr/bin/grep -E'
ac_cv_path_FGREP='/usr/bin/grep -F'
ac_cv_path_GREP=/usr/bin/grep
ac_cv_path_PYTHON=/usr/local/bin/python
ac_cv_path_PYTHON_CONFIG=/usr/local/bin/python-config
ac_cv_path_SED=/usr/bin/sed
ac_cv_path_ac_pt_PKG_CONFIG=/usr/local/bin/pkg-config
ac_cv_path_install='/usr/local/bin/ginstall -c'
ac_cv_path_mkdir=/usr/local/bin/gmkdir
ac_cv_prog_AWK=awk
ac_cv_prog_CC=/Applications/Xcode.app/Contents/Developer/Platforms/iPhoneSimulator.platform/Developer/usr/bin/gcc
ac_cv_prog_CPP=/Applications/Xcode.app/Contents/Developer/Platforms/iPhoneSimulator.platform/Developer/usr/bin/cpp
ac_cv_prog_HAVE_CYTHON=no
ac_cv_prog_HAVE_DOXYGEN=no
ac_cv_prog_HAVE_PKGCONFIG=yes
ac_cv_prog_STRIP=strip
ac_cv_prog_ac_ct_AR=ar
ac_cv_prog_ac_ct_DSYMUTIL=dsymutil
ac_cv_prog_ac_ct_DUMPBIN='link -dump -symbols'
ac_cv_prog_ac_ct_LIPO=lipo
ac_cv_prog_ac_ct_NMEDIT=nmedit
ac_cv_prog_ac_ct_OTOOL=otool
ac_cv_prog_ac_ct_RANLIB=ranlib
ac_cv_prog_ac_ct_STRIP=strip
ac_cv_prog_cc_c89=
ac_cv_prog_cc_g=yes
ac_cv_prog_make_make_set=yes
ac_cv_sizeof_long_long=8
ac_cv_type_long_long=yes
am_cv_CC_dependencies_compiler_type=gcc3
lt_cv_apple_cc_single_mod=yes
lt_cv_deplibs_check_method=pass_all
lt_cv_file_magic_cmd='$MAGIC_CMD'
lt_cv_file_magic_test_file=
lt_cv_ld_exported_symbols_list=yes
lt_cv_ld_reload_flag=-r
lt_cv_nm_interface='BSD nm'
lt_cv_objdir=.libs
lt_cv_path_LD=/Applications/Xcode.app/Contents/Developer/usr/llvm-gcc-4.2/libexec/gcc/i686-apple-darwin11/4.2.1/ld
lt_cv_path_NM=no
lt_cv_prog_compiler_c_o=yes
lt_cv_prog_compiler_pic_works=yes
lt_cv_prog_compiler_rtti_exceptions=no
lt_cv_prog_compiler_static_works=no
lt_cv_prog_gnu_ld=no
lt_cv_sys_global_symbol_pipe=
lt_cv_sys_global_symbol_to_c_name_address='sed -n -e '\''s/^: \([^ ]*\) $/  {\"\1\", (void *) 0},/p'\'' -e '\''s/^[BCDEGRST]* \([^ ]*\) \([^ ]*\)$/  {"\2", (void *) \&\2},/p'\'''
lt_cv_sys_global_symbol_to_c_name_address_lib_prefix='sed -n -e '\''s/^: \([^ ]*\) $/  {\"\1\", (void *) 0},/p'\'' -e '\''s/^[BCDEGRST]* \([^ ]*\) \(lib[^ ]*\)$/  {"\2", (void *) \&\2},/p'\'' -e '\''s/^[BCDEGRST]* \([^ ]*\) \([^ ]*\)$/  {"lib\2", (void *) \&\2},/p'\'''
lt_cv_sys_global_symbol_to_cdecl=
lt_cv_sys_max_cmd_len=196608

## ----------------- ##
## Output variables. ##
## ----------------- ##

ACLOCAL='${SHELL} /Users/james/SDKs/pocketsphinx-0.7/missing --run aclocal-1.11'
ACLOCAL_AMFLAGS='-I m4'
AMDEPBACKSLASH='\'
AMDEP_FALSE='#'
AMDEP_TRUE=''
AMTAR='${SHELL} /Users/james/SDKs/pocketsphinx-0.7/missing --run tar'
AR='ar'
AUTOCONF='${SHELL} /Users/james/SDKs/pocketsphinx-0.7/missing --run autoconf'
AUTOHEADER='${SHELL} /Users/james/SDKs/pocketsphinx-0.7/missing --run autoheader'
AUTOMAKE='${SHELL} /Users/james/SDKs/pocketsphinx-0.7/missing --run automake-1.11'
AWK='awk'
BUILD_CYTHON_FALSE=''
BUILD_CYTHON_TRUE='#'
BUILD_DOXYGEN_FALSE=''
BUILD_DOXYGEN_TRUE='#'
BUILD_GST_FALSE=''
BUILD_GST_TRUE='#'
BUILD_PYTHON_FALSE='#'
BUILD_PYTHON_TRUE=''
CC='/Applications/Xcode.app/Contents/Developer/Platforms/iPhoneSimulator.platform/Developer/usr/bin/gcc'
CCDEPMODE='depmode=gcc3'
CFLAGS='-arch i386 -pipe -Os -gdwarf-2 -isysroot /Applications/Xcode.app/Contents/Developer/Platforms/iPhoneSimulator.platform/Developer/SDKs/iPhoneSimulator5.1.1.sdk -D__IPHONE_OS_VERSION_MIN_REQUIRED=50000 -I/usr/include'
CPP='/Applications/Xcode.app/Contents/Developer/Platforms/iPhoneSimulator.platform/Developer/usr/bin/cpp'
CPPFLAGS='-I/Users/james/SDKs/pocketsphinx-0.7/../sphinxbase-0.7/include -I/Users/james/SDKs/pocketsphinx-0.7/../sphinxbase-0.7/include  -I/Library/Frameworks/Python.framework/Versions/2.7/include/python2.7 -I/Library/Frameworks/Python.framework/Versions/2.7/include/python2.7'
CYGPATH_W='echo'
DEFS='-DPACKAGE_NAME=\"pocketsphinx\" -DPACKAGE_TARNAME=\"pocketsphinx\" -DPACKAGE_VERSION=\"0.7\" -DPACKAGE_STRING=\"pocketsphinx\ 0.7\" -DPACKAGE_BUGREPORT=\"\" -DPACKAGE_URL=\"\" -DSTDC_HEADERS=1 -DHAVE_SYS_TYPES_H=1 -DHAVE_SYS_STAT_H=1 -DHAVE_STDLIB_H=1 -DHAVE_STRING_H=1 -DHAVE_MEMORY_H=1 -DHAVE_STRINGS_H=1 -DHAVE_INTTYPES_H=1 -DHAVE_STDINT_H=1 -DHAVE_UNISTD_H=1 -DHAVE_DLFCN_H=1 -DLT_OBJDIR=\".libs/\" -DHAVE_LONG_LONG=1 -DSIZEOF_LONG_LONG=8 -DHAVE_DUP2=1'
DEPDIR='.deps'
DSYMUTIL='dsymutil'
DUMPBIN='link -dump -symbols'
ECHO_C='\c'
ECHO_N=''
ECHO_T=''
EGREP='/usr/bin/grep -E'
EXEEXT=''
FGREP='/usr/bin/grep -F'
GREP='/usr/bin/grep'
GST_CFLAGS=' '
GST_LIBS=''
GST_MAJORMINOR='0.10'
GST_PLUGIN_LDFLAGS='-module -avoid-version -export-symbols-regex _*\(gst_\|Gst\|GST_\).*'
GStreamer_CFLAGS=''
GStreamer_LIBS=''
HAVE_CYTHON='no'
HAVE_DOXYGEN='no'
HAVE_PKGCONFIG='yes'
INSTALL_DATA='${INSTALL} -m 644'
INSTALL_PROGRAM='${INSTALL}'
INSTALL_SCRIPT='${INSTALL}'
INSTALL_STRIP_PROGRAM='$(install_sh) -c -s'
LD='/Applications/Xcode.app/Contents/Developer/usr/llvm-gcc-4.2/libexec/gcc/i686-apple-darwin11/4.2.1/ld'
LDFLAGS='-arch i386 -isysroot /Applications/Xcode.app/Contents/Developer/Platforms/iPhoneSimulator.platform/Developer/SDKs/iPhoneSimulator5.1.1.sdk -L/Users/james/SDKs/pocketsphinx-0.7/../sphinxbase-0.7/src/libsphinxad 		  -L/Users/james/SDKs/pocketsphinx-0.7/../sphinxbase-0.7/src/libsphinxbase 		  -L/Users/james/SDKs/pocketsphinx-0.7/../sphinxbase-0.7/src/libsphinxbase/.libs'
LIBOBJS=''
LIBS=' -framework CoreAudio -framework AudioToolbox -lsphinxbase'
LIBTOOL='$(SHELL) $(top_builddir)/libtool'
LIPO='lipo'
LN_S='ln -s'
LTLIBOBJS=''
MAKEINFO='${SHELL} /Users/james/SDKs/pocketsphinx-0.7/missing --run makeinfo'
MKDIR_P='/usr/local/bin/gmkdir -p'
NM='link -dump -symbols'
NMEDIT='nmedit'
OBJDUMP='false'
OBJEXT='o'
OTOOL64=':'
OTOOL='otool'
PACKAGE='pocketsphinx'
PACKAGE_BUGREPORT=''
PACKAGE_NAME='pocketsphinx'
PACKAGE_STRING='pocketsphinx 0.7'
PACKAGE_TARNAME='pocketsphinx'
PACKAGE_URL=''
PACKAGE_VERSION='0.7'
PATH_SEPARATOR=':'
PKG_CONFIG='/usr/local/bin/pkg-config'
PYTHON='/usr/local/bin/python'
PYTHON_CONFIG='/usr/local/bin/python-config'
RANLIB='ranlib'
SED='/usr/bin/sed'
SET_MAKE=''
SHELL='/bin/sh'
STRIP='strip'
SphinxBase_CFLAGS=''
SphinxBase_LIBS=''
VERSION='0.7'
ac_ct_CC=''
ac_ct_DUMPBIN='link -dump -symbols'
am__EXEEXT_FALSE=''
am__EXEEXT_TRUE='#'
am__fastdepCC_FALSE='#'
am__fastdepCC_TRUE=''
am__include='include'
am__isrc=''
am__leading_dot='.'
am__quote=''
am__tar='${AMTAR} chof - "$$tardir"'
am__untar='${AMTAR} xf -'
bindir='${exec_prefix}/bin'
build='x86_64-apple-darwin11.4.0'
build_alias=''
build_cpu='x86_64'
build_os='darwin11.4.0'
build_vendor='apple'
datadir='${datarootdir}'
datarootdir='${prefix}/share'
docdir='${datarootdir}/doc/${PACKAGE_TARNAME}'
dvidir='${docdir}'
exec_prefix='${prefix}'
host='i386-apple-darwin'
host_alias='i386-apple-darwin'
host_cpu='i386'
host_os='darwin'
host_vendor='apple'
htmldir='${docdir}'
includedir='${prefix}/include'
infodir='${datarootdir}/info'
install_sh='${SHELL} /Users/james/SDKs/pocketsphinx-0.7/install-sh'
libdir='${exec_prefix}/lib'
libexecdir='${exec_prefix}/libexec'
localedir='${datarootdir}/locale'
localstatedir='${prefix}/var'
lt_ECHO='/bin/echo'
mandir='${datarootdir}/man'
mkdir_p='/usr/local/bin/gmkdir -p'
oldincludedir='/usr/include'
pdfdir='${docdir}'
plugindir='$(libdir)/gstreamer-0.10'
prefix='/Users/james/Applications/Xcode.app/Contents/Developer/Platforms/iPhoneSimulator.platform/Developer/SDKs/iPhoneSimulator5.1.1.sdk'
program_transform_name='s,x,x,'
psdir='${docdir}'
sbindir='${exec_prefix}/sbin'
sharedstatedir='${prefix}/com'
sphinxbase='/Users/james/SDKs/pocketsphinx-0.7/../sphinxbase-0.7'
sphinxbasebuild='/Users/james/SDKs/pocketsphinx-0.7/../sphinxbase-0.7'
sysconfdir='${prefix}/etc'
target_alias=''

## ----------- ##
## confdefs.h. ##
## ----------- ##

/* confdefs.h */
#define PACKAGE_NAME "pocketsphinx"
#define PACKAGE_TARNAME "pocketsphinx"
#define PACKAGE_VERSION "0.7"
#define PACKAGE_STRING "pocketsphinx 0.7"
#define PACKAGE_BUGREPORT ""
#define PACKAGE_URL ""
#define STDC_HEADERS 1
#define HAVE_SYS_TYPES_H 1
#define HAVE_SYS_STAT_H 1
#define HAVE_STDLIB_H 1
#define HAVE_STRING_H 1
#define HAVE_MEMORY_H 1
#define HAVE_STRINGS_H 1
#define HAVE_INTTYPES_H 1
#define HAVE_STDINT_H 1
#define HAVE_UNISTD_H 1
#define HAVE_DLFCN_H 1
#define LT_OBJDIR ".libs/"
#define HAVE_LONG_LONG 1
#define SIZEOF_LONG_LONG 8
#define HAVE_DUP2 1

configure: exit 0

## ---------------------- ##
## Running config.status. ##
## ---------------------- ##

This file was extended by pocketsphinx config.status 0.7, which was
generated by GNU Autoconf 2.65.  Invocation command line was

  CONFIG_FILES    = 
  CONFIG_HEADERS  = 
  CONFIG_LINKS    = 
  CONFIG_COMMANDS = 
  $ ./config.status python/Makefile

on Jamess-MacBook-Pro.local

config.status:1030: creating python/Makefile

## ---------------------- ##
## Running config.status. ##
## ---------------------- ##

This file was extended by pocketsphinx config.status 0.7, which was
generated by GNU Autoconf 2.65.  Invocation command line was

  CONFIG_FILES    = 
  CONFIG_HEADERS  = 
  CONFIG_LINKS    = 
  CONFIG_COMMANDS = 
  $ ./config.status model/lm/Makefile

on Jamess-MacBook-Pro.local

config.status:1030: creating model/lm/Makefile
