This file contains any messages produced by compilers while
running configure, to aid debugging if configure makes a mistake.

It was created by sphinxbase configure 0.7, which was
generated by GNU Autoconf 2.61.  Invocation command line was

  $ ./configure --prefix=/Users/james/Applications/Xcode.app/Contents/Developer/Platforms/iPhoneSimulator.platform/Developer/SDKs/iPhoneSimulator5.1.1.sdk --host=i386-apple-darwin --disable-shared --enable-static host_alias=i386-apple-darwin CC=/Applications/Xcode.app/Contents/Developer/Platforms/iPhoneSimulator.platform/Developer/usr/bin/gcc CFLAGS=-arch i386 -pipe -Os -gdwarf-2 -isysroot /Applications/Xcode.app/Contents/Developer/Platforms/iPhoneSimulator.platform/Developer/SDKs/iPhoneSimulator5.1.1.sdk -D__IPHONE_OS_VERSION_MIN_REQUIRED=50000 -I/usr/include LDFLAGS=-arch i386 -isysroot /Applications/Xcode.app/Contents/Developer/Platforms/iPhoneSimulator.platform/Developer/SDKs/iPhoneSimulator5.1.1.sdk CPP=/Applications/Xcode.app/Contents/Developer/Platforms/iPhoneSimulator.platform/Developer/usr/bin/cpp --no-create --no-recursion

## --------- ##
## Platform. ##
## --------- ##

hostname = Jamess-MacBook-Pro.local
uname -m = x86_64
uname -r = 11.4.0
uname -s = Darwin
uname -v = Darwin Kernel Version 11.4.0: Mon Apr  9 19:32:15 PDT 2012; root:xnu-1699.26.8~1/RELEASE_X86_64

/usr/bin/uname -p = i386
/bin/uname -X     = unknown

/bin/arch              = unknown
/usr/bin/arch -k       = unknown
/usr/convex/getsysinfo = unknown
/usr/bin/hostinfo      = Mach kernel version:
	 Darwin Kernel Version 11.4.0: Mon Apr  9 19:32:15 PDT 2012; root:xnu-1699.26.8~1/RELEASE_X86_64
Kernel configured for up to 4 processors.
2 processors are physically available.
4 processors are logically available.
Processor type: i486 (Intel 80486)
Processors active: 0 1 2 3
Primary memory available: 8.00 gigabytes
Default processor set: 233 tasks, 1224 threads, 4 processors
Load average: 2.68, Mach factor: 1.48
/bin/machine           = unknown
/usr/bin/oslevel       = unknown
/bin/universe          = unknown

PATH: /Users/james/perl5/perlbrew/bin
PATH: /Users/james/perl5/perlbrew/perls/current/bin
PATH: /Library/TeX/Distributions/TeXLive-2011.texdist/Contents/Programs/texbin
PATH: /usr/local/lib/node
PATH: /usr/local/ActivePerl-5.12/bin
PATH: /usr/local/ActivePerl-5.12/site/bin
PATH: /Users/james/bin
PATH: /Users/james/node_modules/.bin
PATH: /usr/local/bin
PATH: /usr/local/sbin
PATH: /Users/james/.rvm/bin
PATH: /Library/Frameworks/Python.framework/Versions/2.7/bin
PATH: /usr/bin
PATH: /bin
PATH: /usr/sbin
PATH: /sbin
PATH: /usr/local/bin
PATH: /usr/X11/bin
PATH: /Library/TeX/Distributions/TeXLive-2011.texdist/Contents/Programs/texbin
PATH: /usr/local/lib/node
PATH: /usr/local/ActivePerl-5.12/bin
PATH: /usr/local/ActivePerl-5.12/site/bin
PATH: /Users/james/bin
PATH: /Users/james/node_modules/.bin
PATH: /usr/local/sbin
PATH: /Library/Frameworks/Python.framework/Versions/2.7/bin
PATH: /Users/james/.rvm/gems/ruby-1.9.2-p136/bin
PATH: /Users/james/.rvm/gems/ruby-1.9.2-p136@global/bin
PATH: /Users/james/.rvm/rubies/ruby-1.9.2-p136/bin
PATH: /Users/james/.rvm/bin
PATH: /Developer/usr/bin
PATH: /Users/james/.rip/active/bin
PATH: /Developer/usr/bin
PATH: /Users/james/.rip/active/bin


## ----------- ##
## Core tests. ##
## ----------- ##

configure:1881: checking for a BSD-compatible install
configure:1937: result: /usr/local/bin/ginstall -c
configure:1948: checking whether build environment is sane
configure:1991: result: yes
configure:2019: checking for a thread-safe mkdir -p
configure:2058: result: /usr/local/bin/gmkdir -p
configure:2071: checking for gawk
configure:2101: result: no
configure:2071: checking for mawk
configure:2101: result: no
configure:2071: checking for nawk
configure:2101: result: no
configure:2071: checking for awk
configure:2087: found /usr/bin/awk
configure:2098: result: awk
configure:2109: checking whether make sets $(MAKE)
configure:2130: result: yes
configure:2201: checking for i386-apple-darwin-strip
configure:2231: result: no
configure:2241: checking for strip
configure:2257: found /usr/bin/strip
configure:2268: result: strip
configure:2319: checking build system type
configure:2337: result: i386-apple-darwin11.4.0
configure:2359: checking host system type
configure:2374: result: i386-apple-darwin
configure:2423: checking for style of include used by make
configure:2451: result: GNU
configure:2481: checking for i386-apple-darwin-gcc
configure:2508: result: /Applications/Xcode.app/Contents/Developer/Platforms/iPhoneSimulator.platform/Developer/usr/bin/gcc
configure:2786: checking for C compiler version
configure:2793: /Applications/Xcode.app/Contents/Developer/Platforms/iPhoneSimulator.platform/Developer/usr/bin/gcc --version >&5
i686-apple-darwin11-llvm-gcc-4.2 (GCC) 4.2.1 (Based on Apple Inc. build 5658) (LLVM build 2336.9.00)
Copyright (C) 2007 Free Software Foundation, Inc.
This is free software; see the source for copying conditions.  There is NO
warranty; not even for MERCHANTABILITY or FITNESS FOR A PARTICULAR PURPOSE.

configure:2796: $? = 0
configure:2803: /Applications/Xcode.app/Contents/Developer/Platforms/iPhoneSimulator.platform/Developer/usr/bin/gcc -v >&5
Using built-in specs.
Target: i686-apple-darwin11
Configured with: /private/var/tmp/llvmgcc42/llvmgcc42-2336.9~22/src/configure --disable-checking --enable-werror --prefix=/Applications/Xcode.app/Contents/Developer/usr/llvm-gcc-4.2 --mandir=/share/man --enable-languages=c,objc,c++,obj-c++ --program-prefix=llvm- --program-transform-name=/^[cg][^.-]*$/s/$/-4.2/ --with-slibdir=/usr/lib --build=i686-apple-darwin11 --enable-llvm=/private/var/tmp/llvmgcc42/llvmgcc42-2336.9~22/dst-llvmCore/Developer/usr/local --program-prefix=i686-apple-darwin11- --host=x86_64-apple-darwin11 --target=i686-apple-darwin11 --with-gxx-include-dir=/usr/include/c++/4.2.1
Thread model: posix
gcc version 4.2.1 (Based on Apple Inc. build 5658) (LLVM build 2336.9.00)
configure:2806: $? = 0
configure:2813: /Applications/Xcode.app/Contents/Developer/Platforms/iPhoneSimulator.platform/Developer/usr/bin/gcc -V >&5
llvm-gcc-4.2: argument to `-V' is missing
configure:2816: $? = 1
configure:2839: checking for C compiler default output file name
configure:2866: /Applications/Xcode.app/Contents/Developer/Platforms/iPhoneSimulator.platform/Developer/usr/bin/gcc -arch i386 -pipe -Os -gdwarf-2 -isysroot /Applications/Xcode.app/Contents/Developer/Platforms/iPhoneSimulator.platform/Developer/SDKs/iPhoneSimulator5.1.1.sdk -D__IPHONE_OS_VERSION_MIN_REQUIRED=50000 -I/usr/include  -arch i386 -isysroot /Applications/Xcode.app/Contents/Developer/Platforms/iPhoneSimulator.platform/Developer/SDKs/iPhoneSimulator5.1.1.sdk conftest.c  >&5
configure:2869: $? = 0
configure:2907: result: a.out
configure:2924: checking whether the C compiler works
configure:2934: ./a.out
configure:2937: $? = 0
configure:2954: result: yes
configure:2961: checking whether we are cross compiling
configure:2963: result: no
configure:2966: checking for suffix of executables
configure:2973: /Applications/Xcode.app/Contents/Developer/Platforms/iPhoneSimulator.platform/Developer/usr/bin/gcc -o conftest -arch i386 -pipe -Os -gdwarf-2 -isysroot /Applications/Xcode.app/Contents/Developer/Platforms/iPhoneSimulator.platform/Developer/SDKs/iPhoneSimulator5.1.1.sdk -D__IPHONE_OS_VERSION_MIN_REQUIRED=50000 -I/usr/include  -arch i386 -isysroot /Applications/Xcode.app/Contents/Developer/Platforms/iPhoneSimulator.platform/Developer/SDKs/iPhoneSimulator5.1.1.sdk conftest.c  >&5
configure:2976: $? = 0
configure:3000: result: 
configure:3006: checking for suffix of object files
configure:3032: /Applications/Xcode.app/Contents/Developer/Platforms/iPhoneSimulator.platform/Developer/usr/bin/gcc -c -arch i386 -pipe -Os -gdwarf-2 -isysroot /Applications/Xcode.app/Contents/Developer/Platforms/iPhoneSimulator.platform/Developer/SDKs/iPhoneSimulator5.1.1.sdk -D__IPHONE_OS_VERSION_MIN_REQUIRED=50000 -I/usr/include  conftest.c >&5
configure:3035: $? = 0
configure:3058: result: o
configure:3062: checking whether we are using the GNU C compiler
configure:3091: /Applications/Xcode.app/Contents/Developer/Platforms/iPhoneSimulator.platform/Developer/usr/bin/gcc -c -arch i386 -pipe -Os -gdwarf-2 -isysroot /Applications/Xcode.app/Contents/Developer/Platforms/iPhoneSimulator.platform/Developer/SDKs/iPhoneSimulator5.1.1.sdk -D__IPHONE_OS_VERSION_MIN_REQUIRED=50000 -I/usr/include  conftest.c >&5
configure:3097: $? = 0
configure:3114: result: yes
configure:3119: checking whether /Applications/Xcode.app/Contents/Developer/Platforms/iPhoneSimulator.platform/Developer/usr/bin/gcc accepts -g
configure:3149: /Applications/Xcode.app/Contents/Developer/Platforms/iPhoneSimulator.platform/Developer/usr/bin/gcc -c -g  conftest.c >&5
configure:3155: $? = 0
configure:3254: result: yes
configure:3271: checking for /Applications/Xcode.app/Contents/Developer/Platforms/iPhoneSimulator.platform/Developer/usr/bin/gcc option to accept ISO C89
configure:3345: /Applications/Xcode.app/Contents/Developer/Platforms/iPhoneSimulator.platform/Developer/usr/bin/gcc  -c -arch i386 -pipe -Os -gdwarf-2 -isysroot /Applications/Xcode.app/Contents/Developer/Platforms/iPhoneSimulator.platform/Developer/SDKs/iPhoneSimulator5.1.1.sdk -D__IPHONE_OS_VERSION_MIN_REQUIRED=50000 -I/usr/include  conftest.c >&5
configure:3351: $? = 0
configure:3374: result: none needed
configure:3394: checking dependency style of /Applications/Xcode.app/Contents/Developer/Platforms/iPhoneSimulator.platform/Developer/usr/bin/gcc
configure:3485: result: gcc3
configure:3501: checking for library containing strerror
configure:3542: /Applications/Xcode.app/Contents/Developer/Platforms/iPhoneSimulator.platform/Developer/usr/bin/gcc -o conftest -arch i386 -pipe -Os -gdwarf-2 -isysroot /Applications/Xcode.app/Contents/Developer/Platforms/iPhoneSimulator.platform/Developer/SDKs/iPhoneSimulator5.1.1.sdk -D__IPHONE_OS_VERSION_MIN_REQUIRED=50000 -I/usr/include  -arch i386 -isysroot /Applications/Xcode.app/Contents/Developer/Platforms/iPhoneSimulator.platform/Developer/SDKs/iPhoneSimulator5.1.1.sdk conftest.c  >&5
configure:3548: $? = 0
configure:3576: result: none required
configure:3592: checking for i386-apple-darwin-gcc
configure:3619: result: /Applications/Xcode.app/Contents/Developer/Platforms/iPhoneSimulator.platform/Developer/usr/bin/gcc
configure:3897: checking for C compiler version
configure:3904: /Applications/Xcode.app/Contents/Developer/Platforms/iPhoneSimulator.platform/Developer/usr/bin/gcc --version >&5
i686-apple-darwin11-llvm-gcc-4.2 (GCC) 4.2.1 (Based on Apple Inc. build 5658) (LLVM build 2336.9.00)
Copyright (C) 2007 Free Software Foundation, Inc.
This is free software; see the source for copying conditions.  There is NO
warranty; not even for MERCHANTABILITY or FITNESS FOR A PARTICULAR PURPOSE.

configure:3907: $? = 0
configure:3914: /Applications/Xcode.app/Contents/Developer/Platforms/iPhoneSimulator.platform/Developer/usr/bin/gcc -v >&5
Using built-in specs.
Target: i686-apple-darwin11
Configured with: /private/var/tmp/llvmgcc42/llvmgcc42-2336.9~22/src/configure --disable-checking --enable-werror --prefix=/Applications/Xcode.app/Contents/Developer/usr/llvm-gcc-4.2 --mandir=/share/man --enable-languages=c,objc,c++,obj-c++ --program-prefix=llvm- --program-transform-name=/^[cg][^.-]*$/s/$/-4.2/ --with-slibdir=/usr/lib --build=i686-apple-darwin11 --enable-llvm=/private/var/tmp/llvmgcc42/llvmgcc42-2336.9~22/dst-llvmCore/Developer/usr/local --program-prefix=i686-apple-darwin11- --host=x86_64-apple-darwin11 --target=i686-apple-darwin11 --with-gxx-include-dir=/usr/include/c++/4.2.1
Thread model: posix
gcc version 4.2.1 (Based on Apple Inc. build 5658) (LLVM build 2336.9.00)
configure:3917: $? = 0
configure:3924: /Applications/Xcode.app/Contents/Developer/Platforms/iPhoneSimulator.platform/Developer/usr/bin/gcc -V >&5
llvm-gcc-4.2: argument to `-V' is missing
configure:3927: $? = 1
configure:3930: checking whether we are using the GNU C compiler
configure:3982: result: yes
configure:3987: checking whether /Applications/Xcode.app/Contents/Developer/Platforms/iPhoneSimulator.platform/Developer/usr/bin/gcc accepts -g
configure:4122: result: yes
configure:4139: checking for /Applications/Xcode.app/Contents/Developer/Platforms/iPhoneSimulator.platform/Developer/usr/bin/gcc option to accept ISO C89
configure:4242: result: none needed
configure:4262: checking dependency style of /Applications/Xcode.app/Contents/Developer/Platforms/iPhoneSimulator.platform/Developer/usr/bin/gcc
configure:4353: result: gcc3
configure:4370: checking for /Applications/Xcode.app/Contents/Developer/Platforms/iPhoneSimulator.platform/Developer/usr/bin/gcc option to accept ISO C99
configure:4529: /Applications/Xcode.app/Contents/Developer/Platforms/iPhoneSimulator.platform/Developer/usr/bin/gcc  -c -arch i386 -pipe -Os -gdwarf-2 -isysroot /Applications/Xcode.app/Contents/Developer/Platforms/iPhoneSimulator.platform/Developer/SDKs/iPhoneSimulator5.1.1.sdk -D__IPHONE_OS_VERSION_MIN_REQUIRED=50000 -I/usr/include  conftest.c >&5
conftest.c:58: error: expected ';', ',' or ')' before 'text'
conftest.c: In function 'main':
conftest.c:112: error: nested functions are disabled, use -fnested-functions to re-enable
conftest.c:112: error: expected '=', ',', ';', 'asm' or '__attribute__' before 'newvar'
conftest.c:112: error: 'newvar' undeclared (first use in this function)
conftest.c:112: error: (Each undeclared identifier is reported only once
conftest.c:112: error: for each function it appears in.)
conftest.c:122: error: 'for' loop initial declaration used outside C99 mode
configure:4535: $? = 1
configure: failed program was:
| /* confdefs.h.  */
| #define PACKAGE_NAME "sphinxbase"
| #define PACKAGE_TARNAME "sphinxbase"
| #define PACKAGE_VERSION "0.7"
| #define PACKAGE_STRING "sphinxbase 0.7"
| #define PACKAGE_BUGREPORT ""
| /* end confdefs.h.  */
| #include <stdarg.h>
| #include <stdbool.h>
| #include <stdlib.h>
| #include <wchar.h>
| #include <stdio.h>
| 
| // Check varargs macros.  These examples are taken from C99 6.10.3.5.
| #define debug(...) fprintf (stderr, __VA_ARGS__)
| #define showlist(...) puts (#__VA_ARGS__)
| #define report(test,...) ((test) ? puts (#test) : printf (__VA_ARGS__))
| static void
| test_varargs_macros (void)
| {
|   int x = 1234;
|   int y = 5678;
|   debug ("Flag");
|   debug ("X = %d\n", x);
|   showlist (The first, second, and third items.);
|   report (x>y, "x is %d but y is %d", x, y);
| }
| 
| // Check long long types.
| #define BIG64 18446744073709551615ull
| #define BIG32 4294967295ul
| #define BIG_OK (BIG64 / BIG32 == 4294967297ull && BIG64 % BIG32 == 0)
| #if !BIG_OK
|   your preprocessor is broken;
| #endif
| #if BIG_OK
| #else
|   your preprocessor is broken;
| #endif
| static long long int bignum = -9223372036854775807LL;
| static unsigned long long int ubignum = BIG64;
| 
| struct incomplete_array
| {
|   int datasize;
|   double data[];
| };
| 
| struct named_init {
|   int number;
|   const wchar_t *name;
|   double average;
| };
| 
| typedef const char *ccp;
| 
| static inline int
| test_restrict (ccp restrict text)
| {
|   // See if C++-style comments work.
|   // Iterate through items via the restricted pointer.
|   // Also check for declarations in for loops.
|   for (unsigned int i = 0; *(text+i) != '\0'; ++i)
|     continue;
|   return 0;
| }
| 
| // Check varargs and va_copy.
| static void
| test_varargs (const char *format, ...)
| {
|   va_list args;
|   va_start (args, format);
|   va_list args_copy;
|   va_copy (args_copy, args);
| 
|   const char *str;
|   int number;
|   float fnumber;
| 
|   while (*format)
|     {
|       switch (*format++)
| 	{
| 	case 's': // string
| 	  str = va_arg (args_copy, const char *);
| 	  break;
| 	case 'd': // int
| 	  number = va_arg (args_copy, int);
| 	  break;
| 	case 'f': // float
| 	  fnumber = va_arg (args_copy, double);
| 	  break;
| 	default:
| 	  break;
| 	}
|     }
|   va_end (args_copy);
|   va_end (args);
| }
| 
| int
| main ()
| {
| 
|   // Check bool.
|   _Bool success = false;
| 
|   // Check restrict.
|   if (test_restrict ("String literal") == 0)
|     success = true;
|   char *restrict newvar = "Another string";
| 
|   // Check varargs.
|   test_varargs ("s, d' f .", "string", 65, 34.234);
|   test_varargs_macros ();
| 
|   // Check flexible array members.
|   struct incomplete_array *ia =
|     malloc (sizeof (struct incomplete_array) + (sizeof (double) * 10));
|   ia->datasize = 10;
|   for (int i = 0; i < ia->datasize; ++i)
|     ia->data[i] = i * 1.234;
| 
|   // Check named initializers.
|   struct named_init ni = {
|     .number = 34,
|     .name = L"Test wide string",
|     .average = 543.34343,
|   };
| 
|   ni.number = 58;
| 
|   int dynamic_array[ni.number];
|   dynamic_array[ni.number - 1] = 543;
| 
|   // work around unused variable warnings
|   return (!success || bignum == 0LL || ubignum == 0uLL || newvar[0] == 'x'
| 	  || dynamic_array[ni.number - 1] != 543);
| 
|   ;
|   return 0;
| }
configure:4529: /Applications/Xcode.app/Contents/Developer/Platforms/iPhoneSimulator.platform/Developer/usr/bin/gcc -std=gnu99 -c -arch i386 -pipe -Os -gdwarf-2 -isysroot /Applications/Xcode.app/Contents/Developer/Platforms/iPhoneSimulator.platform/Developer/SDKs/iPhoneSimulator5.1.1.sdk -D__IPHONE_OS_VERSION_MIN_REQUIRED=50000 -I/usr/include  conftest.c >&5
configure:4535: $? = 0
configure:4565: result: -std=gnu99
configure:4695: checking for /Applications/Xcode.app/Contents/Developer/Platforms/iPhoneSimulator.platform/Developer/usr/bin/gcc -std=gnu99 option to accept ISO Standard C
configure:4706: result: -std=gnu99
configure:4716: checking for bison
configure:4732: found /usr/bin/bison
configure:4744: result: bison -y
configure:4765: checking how to run the C preprocessor
configure:4881: result: /Applications/Xcode.app/Contents/Developer/Platforms/iPhoneSimulator.platform/Developer/usr/bin/cpp
configure:4910: /Applications/Xcode.app/Contents/Developer/Platforms/iPhoneSimulator.platform/Developer/usr/bin/cpp  conftest.c
configure:4916: $? = 0
configure:4947: /Applications/Xcode.app/Contents/Developer/Platforms/iPhoneSimulator.platform/Developer/usr/bin/cpp  conftest.c
conftest.c:8: error: ac_nonexistent.h: No such file or directory
configure:4953: $? = 1
configure: failed program was:
| /* confdefs.h.  */
| #define PACKAGE_NAME "sphinxbase"
| #define PACKAGE_TARNAME "sphinxbase"
| #define PACKAGE_VERSION "0.7"
| #define PACKAGE_STRING "sphinxbase 0.7"
| #define PACKAGE_BUGREPORT ""
| /* end confdefs.h.  */
| #include <ac_nonexistent.h>
configure:4991: checking for grep that handles long lines and -e
configure:5065: result: /usr/bin/grep
configure:5070: checking for egrep
configure:5148: result: /usr/bin/grep -E
configure:5153: checking for ANSI C header files
configure:5183: /Applications/Xcode.app/Contents/Developer/Platforms/iPhoneSimulator.platform/Developer/usr/bin/gcc -std=gnu99 -c -arch i386 -pipe -Os -gdwarf-2 -isysroot /Applications/Xcode.app/Contents/Developer/Platforms/iPhoneSimulator.platform/Developer/SDKs/iPhoneSimulator5.1.1.sdk -D__IPHONE_OS_VERSION_MIN_REQUIRED=50000 -I/usr/include  conftest.c >&5
configure:5189: $? = 0
configure:5288: /Applications/Xcode.app/Contents/Developer/Platforms/iPhoneSimulator.platform/Developer/usr/bin/gcc -std=gnu99 -o conftest -arch i386 -pipe -Os -gdwarf-2 -isysroot /Applications/Xcode.app/Contents/Developer/Platforms/iPhoneSimulator.platform/Developer/SDKs/iPhoneSimulator5.1.1.sdk -D__IPHONE_OS_VERSION_MIN_REQUIRED=50000 -I/usr/include  -arch i386 -isysroot /Applications/Xcode.app/Contents/Developer/Platforms/iPhoneSimulator.platform/Developer/SDKs/iPhoneSimulator5.1.1.sdk conftest.c  >&5
configure:5291: $? = 0
configure:5297: ./conftest
configure:5300: $? = 0
configure:5317: result: yes
configure:5341: checking for sys/types.h
configure:5362: /Applications/Xcode.app/Contents/Developer/Platforms/iPhoneSimulator.platform/Developer/usr/bin/gcc -std=gnu99 -c -arch i386 -pipe -Os -gdwarf-2 -isysroot /Applications/Xcode.app/Contents/Developer/Platforms/iPhoneSimulator.platform/Developer/SDKs/iPhoneSimulator5.1.1.sdk -D__IPHONE_OS_VERSION_MIN_REQUIRED=50000 -I/usr/include  conftest.c >&5
configure:5368: $? = 0
configure:5384: result: yes
configure:5341: checking for sys/stat.h
configure:5362: /Applications/Xcode.app/Contents/Developer/Platforms/iPhoneSimulator.platform/Developer/usr/bin/gcc -std=gnu99 -c -arch i386 -pipe -Os -gdwarf-2 -isysroot /Applications/Xcode.app/Contents/Developer/Platforms/iPhoneSimulator.platform/Developer/SDKs/iPhoneSimulator5.1.1.sdk -D__IPHONE_OS_VERSION_MIN_REQUIRED=50000 -I/usr/include  conftest.c >&5
configure:5368: $? = 0
configure:5384: result: yes
configure:5341: checking for stdlib.h
configure:5362: /Applications/Xcode.app/Contents/Developer/Platforms/iPhoneSimulator.platform/Developer/usr/bin/gcc -std=gnu99 -c -arch i386 -pipe -Os -gdwarf-2 -isysroot /Applications/Xcode.app/Contents/Developer/Platforms/iPhoneSimulator.platform/Developer/SDKs/iPhoneSimulator5.1.1.sdk -D__IPHONE_OS_VERSION_MIN_REQUIRED=50000 -I/usr/include  conftest.c >&5
configure:5368: $? = 0
configure:5384: result: yes
configure:5341: checking for string.h
configure:5362: /Applications/Xcode.app/Contents/Developer/Platforms/iPhoneSimulator.platform/Developer/usr/bin/gcc -std=gnu99 -c -arch i386 -pipe -Os -gdwarf-2 -isysroot /Applications/Xcode.app/Contents/Developer/Platforms/iPhoneSimulator.platform/Developer/SDKs/iPhoneSimulator5.1.1.sdk -D__IPHONE_OS_VERSION_MIN_REQUIRED=50000 -I/usr/include  conftest.c >&5
configure:5368: $? = 0
configure:5384: result: yes
configure:5341: checking for memory.h
configure:5362: /Applications/Xcode.app/Contents/Developer/Platforms/iPhoneSimulator.platform/Developer/usr/bin/gcc -std=gnu99 -c -arch i386 -pipe -Os -gdwarf-2 -isysroot /Applications/Xcode.app/Contents/Developer/Platforms/iPhoneSimulator.platform/Developer/SDKs/iPhoneSimulator5.1.1.sdk -D__IPHONE_OS_VERSION_MIN_REQUIRED=50000 -I/usr/include  conftest.c >&5
configure:5368: $? = 0
configure:5384: result: yes
configure:5341: checking for strings.h
configure:5362: /Applications/Xcode.app/Contents/Developer/Platforms/iPhoneSimulator.platform/Developer/usr/bin/gcc -std=gnu99 -c -arch i386 -pipe -Os -gdwarf-2 -isysroot /Applications/Xcode.app/Contents/Developer/Platforms/iPhoneSimulator.platform/Developer/SDKs/iPhoneSimulator5.1.1.sdk -D__IPHONE_OS_VERSION_MIN_REQUIRED=50000 -I/usr/include  conftest.c >&5
configure:5368: $? = 0
configure:5384: result: yes
configure:5341: checking for inttypes.h
configure:5362: /Applications/Xcode.app/Contents/Developer/Platforms/iPhoneSimulator.platform/Developer/usr/bin/gcc -std=gnu99 -c -arch i386 -pipe -Os -gdwarf-2 -isysroot /Applications/Xcode.app/Contents/Developer/Platforms/iPhoneSimulator.platform/Developer/SDKs/iPhoneSimulator5.1.1.sdk -D__IPHONE_OS_VERSION_MIN_REQUIRED=50000 -I/usr/include  conftest.c >&5
configure:5368: $? = 0
configure:5384: result: yes
configure:5341: checking for stdint.h
configure:5362: /Applications/Xcode.app/Contents/Developer/Platforms/iPhoneSimulator.platform/Developer/usr/bin/gcc -std=gnu99 -c -arch i386 -pipe -Os -gdwarf-2 -isysroot /Applications/Xcode.app/Contents/Developer/Platforms/iPhoneSimulator.platform/Developer/SDKs/iPhoneSimulator5.1.1.sdk -D__IPHONE_OS_VERSION_MIN_REQUIRED=50000 -I/usr/include  conftest.c >&5
configure:5368: $? = 0
configure:5384: result: yes
configure:5341: checking for unistd.h
configure:5362: /Applications/Xcode.app/Contents/Developer/Platforms/iPhoneSimulator.platform/Developer/usr/bin/gcc -std=gnu99 -c -arch i386 -pipe -Os -gdwarf-2 -isysroot /Applications/Xcode.app/Contents/Developer/Platforms/iPhoneSimulator.platform/Developer/SDKs/iPhoneSimulator5.1.1.sdk -D__IPHONE_OS_VERSION_MIN_REQUIRED=50000 -I/usr/include  conftest.c >&5
configure:5368: $? = 0
configure:5384: result: yes
configure:5396: checking whether byte ordering is bigendian
configure:5429: /Applications/Xcode.app/Contents/Developer/Platforms/iPhoneSimulator.platform/Developer/usr/bin/gcc -std=gnu99 -c -arch i386 -pipe -Os -gdwarf-2 -isysroot /Applications/Xcode.app/Contents/Developer/Platforms/iPhoneSimulator.platform/Developer/SDKs/iPhoneSimulator5.1.1.sdk -D__IPHONE_OS_VERSION_MIN_REQUIRED=50000 -I/usr/include  conftest.c >&5
configure:5435: $? = 0
configure:5467: /Applications/Xcode.app/Contents/Developer/Platforms/iPhoneSimulator.platform/Developer/usr/bin/gcc -std=gnu99 -c -arch i386 -pipe -Os -gdwarf-2 -isysroot /Applications/Xcode.app/Contents/Developer/Platforms/iPhoneSimulator.platform/Developer/SDKs/iPhoneSimulator5.1.1.sdk -D__IPHONE_OS_VERSION_MIN_REQUIRED=50000 -I/usr/include  conftest.c >&5
conftest.c: In function 'main':
conftest.c:25: error: 'not' undeclared (first use in this function)
conftest.c:25: error: (Each undeclared identifier is reported only once
conftest.c:25: error: for each function it appears in.)
conftest.c:25: error: expected ';' before 'big'
configure:5473: $? = 1
configure: failed program was:
| /* confdefs.h.  */
| #define PACKAGE_NAME "sphinxbase"
| #define PACKAGE_TARNAME "sphinxbase"
| #define PACKAGE_VERSION "0.7"
| #define PACKAGE_STRING "sphinxbase 0.7"
| #define PACKAGE_BUGREPORT ""
| #define STDC_HEADERS 1
| #define HAVE_SYS_TYPES_H 1
| #define HAVE_SYS_STAT_H 1
| #define HAVE_STDLIB_H 1
| #define HAVE_STRING_H 1
| #define HAVE_MEMORY_H 1
| #define HAVE_STRINGS_H 1
| #define HAVE_INTTYPES_H 1
| #define HAVE_STDINT_H 1
| #define HAVE_UNISTD_H 1
| /* end confdefs.h.  */
| #include <sys/types.h>
| #include <sys/param.h>
| 
| int
| main ()
| {
| #if BYTE_ORDER != BIG_ENDIAN
|  not big endian
| #endif
| 
|   ;
|   return 0;
| }
configure:5613: result: no
configure:5632: checking return type of signal handlers
configure:5660: /Applications/Xcode.app/Contents/Developer/Platforms/iPhoneSimulator.platform/Developer/usr/bin/gcc -std=gnu99 -c -arch i386 -pipe -Os -gdwarf-2 -isysroot /Applications/Xcode.app/Contents/Developer/Platforms/iPhoneSimulator.platform/Developer/SDKs/iPhoneSimulator5.1.1.sdk -D__IPHONE_OS_VERSION_MIN_REQUIRED=50000 -I/usr/include  conftest.c >&5
conftest.c: In function 'main':
conftest.c:24: error: void value not ignored as it ought to be
configure:5666: $? = 1
configure: failed program was:
| /* confdefs.h.  */
| #define PACKAGE_NAME "sphinxbase"
| #define PACKAGE_TARNAME "sphinxbase"
| #define PACKAGE_VERSION "0.7"
| #define PACKAGE_STRING "sphinxbase 0.7"
| #define PACKAGE_BUGREPORT ""
| #define STDC_HEADERS 1
| #define HAVE_SYS_TYPES_H 1
| #define HAVE_SYS_STAT_H 1
| #define HAVE_STDLIB_H 1
| #define HAVE_STRING_H 1
| #define HAVE_MEMORY_H 1
| #define HAVE_STRINGS_H 1
| #define HAVE_INTTYPES_H 1
| #define HAVE_STDINT_H 1
| #define HAVE_UNISTD_H 1
| /* end confdefs.h.  */
| #include <sys/types.h>
| #include <signal.h>
| 
| int
| main ()
| {
| return *(signal (0, 0)) (0) == 1;
|   ;
|   return 0;
| }
configure:5681: result: void
configure:5689: checking for long long
configure:5719: /Applications/Xcode.app/Contents/Developer/Platforms/iPhoneSimulator.platform/Developer/usr/bin/gcc -std=gnu99 -c -arch i386 -pipe -Os -gdwarf-2 -isysroot /Applications/Xcode.app/Contents/Developer/Platforms/iPhoneSimulator.platform/Developer/SDKs/iPhoneSimulator5.1.1.sdk -D__IPHONE_OS_VERSION_MIN_REQUIRED=50000 -I/usr/include  conftest.c >&5
configure:5725: $? = 0
configure:5740: result: yes
configure:5751: checking for long long
configure:5802: result: yes
configure:5809: checking size of long long
configure:6111: /Applications/Xcode.app/Contents/Developer/Platforms/iPhoneSimulator.platform/Developer/usr/bin/gcc -std=gnu99 -o conftest -arch i386 -pipe -Os -gdwarf-2 -isysroot /Applications/Xcode.app/Contents/Developer/Platforms/iPhoneSimulator.platform/Developer/SDKs/iPhoneSimulator5.1.1.sdk -D__IPHONE_OS_VERSION_MIN_REQUIRED=50000 -I/usr/include  -arch i386 -isysroot /Applications/Xcode.app/Contents/Developer/Platforms/iPhoneSimulator.platform/Developer/SDKs/iPhoneSimulator5.1.1.sdk conftest.c  >&5
configure:6114: $? = 0
configure:6120: ./conftest
configure:6123: $? = 0
configure:6146: result: 8
configure:6156: checking for long
configure:6186: /Applications/Xcode.app/Contents/Developer/Platforms/iPhoneSimulator.platform/Developer/usr/bin/gcc -std=gnu99 -c -arch i386 -pipe -Os -gdwarf-2 -isysroot /Applications/Xcode.app/Contents/Developer/Platforms/iPhoneSimulator.platform/Developer/SDKs/iPhoneSimulator5.1.1.sdk -D__IPHONE_OS_VERSION_MIN_REQUIRED=50000 -I/usr/include  conftest.c >&5
configure:6192: $? = 0
configure:6207: result: yes
configure:6214: checking size of long
configure:6516: /Applications/Xcode.app/Contents/Developer/Platforms/iPhoneSimulator.platform/Developer/usr/bin/gcc -std=gnu99 -o conftest -arch i386 -pipe -Os -gdwarf-2 -isysroot /Applications/Xcode.app/Contents/Developer/Platforms/iPhoneSimulator.platform/Developer/SDKs/iPhoneSimulator5.1.1.sdk -D__IPHONE_OS_VERSION_MIN_REQUIRED=50000 -I/usr/include  -arch i386 -isysroot /Applications/Xcode.app/Contents/Developer/Platforms/iPhoneSimulator.platform/Developer/SDKs/iPhoneSimulator5.1.1.sdk conftest.c  >&5
configure:6519: $? = 0
configure:6525: ./conftest
configure:6528: $? = 0
configure:6551: result: 4
configure:6567: checking for popen
configure:6623: /Applications/Xcode.app/Contents/Developer/Platforms/iPhoneSimulator.platform/Developer/usr/bin/gcc -std=gnu99 -o conftest -arch i386 -pipe -Os -gdwarf-2 -isysroot /Applications/Xcode.app/Contents/Developer/Platforms/iPhoneSimulator.platform/Developer/SDKs/iPhoneSimulator5.1.1.sdk -D__IPHONE_OS_VERSION_MIN_REQUIRED=50000 -I/usr/include  -arch i386 -isysroot /Applications/Xcode.app/Contents/Developer/Platforms/iPhoneSimulator.platform/Developer/SDKs/iPhoneSimulator5.1.1.sdk conftest.c  >&5
configure:6629: $? = 0
configure:6647: result: yes
configure:6567: checking for perror
configure:6623: /Applications/Xcode.app/Contents/Developer/Platforms/iPhoneSimulator.platform/Developer/usr/bin/gcc -std=gnu99 -o conftest -arch i386 -pipe -Os -gdwarf-2 -isysroot /Applications/Xcode.app/Contents/Developer/Platforms/iPhoneSimulator.platform/Developer/SDKs/iPhoneSimulator5.1.1.sdk -D__IPHONE_OS_VERSION_MIN_REQUIRED=50000 -I/usr/include  -arch i386 -isysroot /Applications/Xcode.app/Contents/Developer/Platforms/iPhoneSimulator.platform/Developer/SDKs/iPhoneSimulator5.1.1.sdk conftest.c  >&5
configure:6629: $? = 0
configure:6647: result: yes
configure:6567: checking for snprintf
configure:6623: /Applications/Xcode.app/Contents/Developer/Platforms/iPhoneSimulator.platform/Developer/usr/bin/gcc -std=gnu99 -o conftest -arch i386 -pipe -Os -gdwarf-2 -isysroot /Applications/Xcode.app/Contents/Developer/Platforms/iPhoneSimulator.platform/Developer/SDKs/iPhoneSimulator5.1.1.sdk -D__IPHONE_OS_VERSION_MIN_REQUIRED=50000 -I/usr/include  -arch i386 -isysroot /Applications/Xcode.app/Contents/Developer/Platforms/iPhoneSimulator.platform/Developer/SDKs/iPhoneSimulator5.1.1.sdk conftest.c  >&5
conftest.c:47: warning: conflicting types for built-in function 'snprintf'
configure:6629: $? = 0
configure:6647: result: yes
configure:6667: checking errno.h usability
configure:6684: /Applications/Xcode.app/Contents/Developer/Platforms/iPhoneSimulator.platform/Developer/usr/bin/gcc -std=gnu99 -c -arch i386 -pipe -Os -gdwarf-2 -isysroot /Applications/Xcode.app/Contents/Developer/Platforms/iPhoneSimulator.platform/Developer/SDKs/iPhoneSimulator5.1.1.sdk -D__IPHONE_OS_VERSION_MIN_REQUIRED=50000 -I/usr/include  conftest.c >&5
configure:6690: $? = 0
configure:6704: result: yes
configure:6708: checking errno.h presence
configure:6723: /Applications/Xcode.app/Contents/Developer/Platforms/iPhoneSimulator.platform/Developer/usr/bin/cpp  conftest.c
configure:6729: $? = 0
configure:6743: result: yes
configure:6771: checking for errno.h
configure:6778: result: yes
configure:6824: checking for ld used by GCC
configure:6888: result: /Applications/Xcode.app/Contents/Developer/usr/llvm-gcc-4.2/libexec/gcc/i686-apple-darwin11/4.2.1/ld
configure:6897: checking if the linker (/Applications/Xcode.app/Contents/Developer/usr/llvm-gcc-4.2/libexec/gcc/i686-apple-darwin11/4.2.1/ld) is GNU ld
configure:6910: result: no
configure:6917: checking for shared library run path origin
configure:6930: result: done
configure:7394: checking for iconv
configure:7426: /Applications/Xcode.app/Contents/Developer/Platforms/iPhoneSimulator.platform/Developer/usr/bin/gcc -std=gnu99 -o conftest -arch i386 -pipe -Os -gdwarf-2 -isysroot /Applications/Xcode.app/Contents/Developer/Platforms/iPhoneSimulator.platform/Developer/SDKs/iPhoneSimulator5.1.1.sdk -D__IPHONE_OS_VERSION_MIN_REQUIRED=50000 -I/usr/include  -arch i386 -isysroot /Applications/Xcode.app/Contents/Developer/Platforms/iPhoneSimulator.platform/Developer/SDKs/iPhoneSimulator5.1.1.sdk conftest.c  >&5
Undefined symbols for architecture i386:
  "_iconv_open", referenced from:
      _main in ccj8adt4.o
  "_iconv", referenced from:
      _main in ccj8adt4.o
  "_iconv_close", referenced from:
      _main in ccj8adt4.o
ld: symbol(s) not found for architecture i386
collect2: ld returned 1 exit status
configure:7432: $? = 1
configure: failed program was:
| /* confdefs.h.  */
| #define PACKAGE_NAME "sphinxbase"
| #define PACKAGE_TARNAME "sphinxbase"
| #define PACKAGE_VERSION "0.7"
| #define PACKAGE_STRING "sphinxbase 0.7"
| #define PACKAGE_BUGREPORT ""
| #define STDC_HEADERS 1
| #define HAVE_SYS_TYPES_H 1
| #define HAVE_SYS_STAT_H 1
| #define HAVE_STDLIB_H 1
| #define HAVE_STRING_H 1
| #define HAVE_MEMORY_H 1
| #define HAVE_STRINGS_H 1
| #define HAVE_INTTYPES_H 1
| #define HAVE_STDINT_H 1
| #define HAVE_UNISTD_H 1
| #define RETSIGTYPE void
| #define HAVE_LONG_LONG 1
| #define SIZEOF_LONG_LONG 8
| #define SIZEOF_LONG 4
| #define HAVE_POPEN 1
| #define HAVE_PERROR 1
| #define HAVE_SNPRINTF 1
| /* end confdefs.h.  */
| #include <stdlib.h>
| #include <iconv.h>
| int
| main ()
| {
| iconv_t cd = iconv_open("","");
|        iconv(cd,NULL,NULL,NULL,NULL);
|        iconv_close(cd);
|   ;
|   return 0;
| }
configure:7475: /Applications/Xcode.app/Contents/Developer/Platforms/iPhoneSimulator.platform/Developer/usr/bin/gcc -std=gnu99 -o conftest -arch i386 -pipe -Os -gdwarf-2 -isysroot /Applications/Xcode.app/Contents/Developer/Platforms/iPhoneSimulator.platform/Developer/SDKs/iPhoneSimulator5.1.1.sdk -D__IPHONE_OS_VERSION_MIN_REQUIRED=50000 -I/usr/include  -arch i386 -isysroot /Applications/Xcode.app/Contents/Developer/Platforms/iPhoneSimulator.platform/Developer/SDKs/iPhoneSimulator5.1.1.sdk conftest.c  -liconv >&5
configure:7481: $? = 0
configure:7502: result: yes
configure:7512: checking how to link with libiconv
configure:7514: result: -liconv
configure:7525: checking for iconv declaration
configure:7564: /Applications/Xcode.app/Contents/Developer/Platforms/iPhoneSimulator.platform/Developer/usr/bin/gcc -std=gnu99 -c -arch i386 -pipe -Os -gdwarf-2 -isysroot /Applications/Xcode.app/Contents/Developer/Platforms/iPhoneSimulator.platform/Developer/SDKs/iPhoneSimulator5.1.1.sdk -D__IPHONE_OS_VERSION_MIN_REQUIRED=50000 -I/usr/include  conftest.c >&5
configure:7570: $? = 0
configure:7589: result: 
         extern size_t iconv (iconv_t cd, char * *inbuf, size_t *inbytesleft, char * *outbuf, size_t *outbytesleft);
configure:7614: checking for sgesv_ in -llapack
configure:7649: /Applications/Xcode.app/Contents/Developer/Platforms/iPhoneSimulator.platform/Developer/usr/bin/gcc -std=gnu99 -o conftest -arch i386 -pipe -Os -gdwarf-2 -isysroot /Applications/Xcode.app/Contents/Developer/Platforms/iPhoneSimulator.platform/Developer/SDKs/iPhoneSimulator5.1.1.sdk -D__IPHONE_OS_VERSION_MIN_REQUIRED=50000 -I/usr/include  -arch i386 -isysroot /Applications/Xcode.app/Contents/Developer/Platforms/iPhoneSimulator.platform/Developer/SDKs/iPhoneSimulator5.1.1.sdk conftest.c -llapack   >&5
configure:7655: $? = 0
configure:7673: result: yes
configure:7688: checking for sgemm_ in -lblas
configure:7723: /Applications/Xcode.app/Contents/Developer/Platforms/iPhoneSimulator.platform/Developer/usr/bin/gcc -std=gnu99 -o conftest -arch i386 -pipe -Os -gdwarf-2 -isysroot /Applications/Xcode.app/Contents/Developer/Platforms/iPhoneSimulator.platform/Developer/SDKs/iPhoneSimulator5.1.1.sdk -D__IPHONE_OS_VERSION_MIN_REQUIRED=50000 -I/usr/include  -arch i386 -isysroot /Applications/Xcode.app/Contents/Developer/Platforms/iPhoneSimulator.platform/Developer/SDKs/iPhoneSimulator5.1.1.sdk conftest.c -lblas  -llapack  >&5
configure:7729: $? = 0
configure:7747: result: yes
configure:7785: checking for log in -lm
configure:7820: /Applications/Xcode.app/Contents/Developer/Platforms/iPhoneSimulator.platform/Developer/usr/bin/gcc -std=gnu99 -o conftest -arch i386 -pipe -Os -gdwarf-2 -isysroot /Applications/Xcode.app/Contents/Developer/Platforms/iPhoneSimulator.platform/Developer/SDKs/iPhoneSimulator5.1.1.sdk -D__IPHONE_OS_VERSION_MIN_REQUIRED=50000 -I/usr/include  -arch i386 -isysroot /Applications/Xcode.app/Contents/Developer/Platforms/iPhoneSimulator.platform/Developer/SDKs/iPhoneSimulator5.1.1.sdk conftest.c -lm  -lblas -llapack  >&5
conftest.c:37: warning: conflicting types for built-in function 'log'
configure:7826: $? = 0
configure:7844: result: yes
configure:7888: checking pthread.h usability
configure:7905: /Applications/Xcode.app/Contents/Developer/Platforms/iPhoneSimulator.platform/Developer/usr/bin/gcc -std=gnu99 -c -arch i386 -pipe -Os -gdwarf-2 -isysroot /Applications/Xcode.app/Contents/Developer/Platforms/iPhoneSimulator.platform/Developer/SDKs/iPhoneSimulator5.1.1.sdk -D__IPHONE_OS_VERSION_MIN_REQUIRED=50000 -I/usr/include  conftest.c >&5
configure:7911: $? = 0
configure:7925: result: yes
configure:7929: checking pthread.h presence
configure:7944: /Applications/Xcode.app/Contents/Developer/Platforms/iPhoneSimulator.platform/Developer/usr/bin/cpp  conftest.c
configure:7950: $? = 0
configure:7964: result: yes
configure:7992: checking for pthread.h
configure:8000: result: yes
configure:8014: checking for pthread_create in -lpthread
configure:8049: /Applications/Xcode.app/Contents/Developer/Platforms/iPhoneSimulator.platform/Developer/usr/bin/gcc -std=gnu99 -o conftest -arch i386 -pipe -Os -gdwarf-2 -isysroot /Applications/Xcode.app/Contents/Developer/Platforms/iPhoneSimulator.platform/Developer/SDKs/iPhoneSimulator5.1.1.sdk -D__IPHONE_OS_VERSION_MIN_REQUIRED=50000 -I/usr/include  -arch i386 -isysroot /Applications/Xcode.app/Contents/Developer/Platforms/iPhoneSimulator.platform/Developer/SDKs/iPhoneSimulator5.1.1.sdk conftest.c -lpthread  -lm -lblas -llapack  >&5
configure:8055: $? = 0
configure:8073: result: yes
configure:8406: result: No audio interface for host type i386-apple-darwin.
configure:8466: checking how to print strings
configure:8493: result: printf
configure:8514: checking for a sed that does not truncate output
configure:8593: result: /usr/bin/sed
configure:8611: checking for fgrep
configure:8689: result: /usr/bin/grep -F
configure:8724: checking for ld used by /Applications/Xcode.app/Contents/Developer/Platforms/iPhoneSimulator.platform/Developer/usr/bin/gcc -std=gnu99
configure:8791: result: /Applications/Xcode.app/Contents/Developer/usr/llvm-gcc-4.2/libexec/gcc/i686-apple-darwin11/4.2.1/ld
configure:8800: checking if the linker (/Applications/Xcode.app/Contents/Developer/usr/llvm-gcc-4.2/libexec/gcc/i686-apple-darwin11/4.2.1/ld) is GNU ld
configure:8815: result: no
configure:8827: checking for BSD- or MS-compatible name lister (nm)
configure:8876: result: no
configure:8890: checking for i386-apple-darwin-dumpbin
configure:8920: result: no
configure:8890: checking for i386-apple-darwin-link
configure:8920: result: no
configure:8934: checking for dumpbin
configure:8964: result: no
configure:8934: checking for link
configure:8950: found /bin/link
configure:8961: result: link -dump
configure:9010: checking the name lister (nm) interface
configure:9017: /Applications/Xcode.app/Contents/Developer/Platforms/iPhoneSimulator.platform/Developer/usr/bin/gcc -std=gnu99 -c -arch i386 -pipe -Os -gdwarf-2 -isysroot /Applications/Xcode.app/Contents/Developer/Platforms/iPhoneSimulator.platform/Developer/SDKs/iPhoneSimulator5.1.1.sdk -D__IPHONE_OS_VERSION_MIN_REQUIRED=50000 -I/usr/include  conftest.c >&5
configure:9020: nm "conftest.o"
configure:9023: output
000001a4 S _some_variable
configure:9030: result: BSD nm
configure:9033: checking whether ln -s works
configure:9037: result: yes
configure:9045: checking the maximum length of command line arguments
configure:9170: result: 196608
configure:9187: checking whether the shell understands some XSI constructs
configure:9197: result: yes
configure:9201: checking whether the shell understands "+="
configure:9207: result: yes
configure:9242: checking for /Applications/Xcode.app/Contents/Developer/usr/llvm-gcc-4.2/libexec/gcc/i686-apple-darwin11/4.2.1/ld option to reload object files
configure:9249: result: -r
configure:9278: checking for i386-apple-darwin-objdump
configure:9308: result: no
configure:9318: checking for objdump
configure:9348: result: no
configure:9381: checking how to recognize dependent libraries
configure:9583: result: pass_all
configure:9603: checking for i386-apple-darwin-ar
configure:9633: result: no
configure:9643: checking for ar
configure:9659: found /usr/bin/ar
configure:9670: result: ar
configure:9712: checking for i386-apple-darwin-strip
configure:9739: result: strip
configure:9815: checking for i386-apple-darwin-ranlib
configure:9845: result: no
configure:9855: checking for ranlib
configure:9871: found /usr/bin/ranlib
configure:9882: result: ranlib
configure:9988: checking command to parse nm output from /Applications/Xcode.app/Contents/Developer/Platforms/iPhoneSimulator.platform/Developer/usr/bin/gcc -std=gnu99 object
configure:10106: /Applications/Xcode.app/Contents/Developer/Platforms/iPhoneSimulator.platform/Developer/usr/bin/gcc -std=gnu99 -c -arch i386 -pipe -Os -gdwarf-2 -isysroot /Applications/Xcode.app/Contents/Developer/Platforms/iPhoneSimulator.platform/Developer/SDKs/iPhoneSimulator5.1.1.sdk -D__IPHONE_OS_VERSION_MIN_REQUIRED=50000 -I/usr/include  conftest.c >&5
configure:10109: $? = 0
configure:10113: nm conftest.o \| sed -n -e 's/^.*[ ]\([BCDEGRST][BCDEGRST]*\)[ ][ ]*\([_A-Za-z][_A-Za-z0-9]*\)$/\1 \2 \2/p' \> conftest.nm
configure:10116: $? = 0
cannot find nm_test_var in conftest.nm
configure:10106: /Applications/Xcode.app/Contents/Developer/Platforms/iPhoneSimulator.platform/Developer/usr/bin/gcc -std=gnu99 -c -arch i386 -pipe -Os -gdwarf-2 -isysroot /Applications/Xcode.app/Contents/Developer/Platforms/iPhoneSimulator.platform/Developer/SDKs/iPhoneSimulator5.1.1.sdk -D__IPHONE_OS_VERSION_MIN_REQUIRED=50000 -I/usr/include  conftest.c >&5
configure:10109: $? = 0
configure:10113: nm conftest.o \| sed -n -e 's/^.*[ ]\([BCDEGRST][BCDEGRST]*\)[ ][ ]*_\([_A-Za-z][_A-Za-z0-9]*\)$/\1 _\2 \2/p' \> conftest.nm
configure:10116: $? = 0
configure:10170: /Applications/Xcode.app/Contents/Developer/Platforms/iPhoneSimulator.platform/Developer/usr/bin/gcc -std=gnu99 -o conftest -arch i386 -pipe -Os -gdwarf-2 -isysroot /Applications/Xcode.app/Contents/Developer/Platforms/iPhoneSimulator.platform/Developer/SDKs/iPhoneSimulator5.1.1.sdk -D__IPHONE_OS_VERSION_MIN_REQUIRED=50000 -I/usr/include  -arch i386 -isysroot /Applications/Xcode.app/Contents/Developer/Platforms/iPhoneSimulator.platform/Developer/SDKs/iPhoneSimulator5.1.1.sdk conftest.c conftstm.o >&5
configure:10173: $? = 0
configure:10211: result: ok
configure:10460: checking for i386-apple-darwin-dsymutil
configure:10490: result: no
configure:10500: checking for dsymutil
configure:10516: found /usr/bin/dsymutil
configure:10527: result: dsymutil
configure:10556: checking for i386-apple-darwin-nmedit
configure:10586: result: no
configure:10596: checking for nmedit
configure:10612: found /usr/bin/nmedit
configure:10623: result: nmedit
configure:10652: checking for i386-apple-darwin-lipo
configure:10682: result: no
configure:10692: checking for lipo
configure:10708: found /usr/bin/lipo
configure:10719: result: lipo
configure:10748: checking for i386-apple-darwin-otool
configure:10778: result: no
configure:10788: checking for otool
configure:10804: found /usr/bin/otool
configure:10815: result: otool
configure:10844: checking for i386-apple-darwin-otool64
configure:10874: result: no
configure:10884: checking for otool64
configure:10914: result: no
configure:10963: checking for -single_module linker flag
/Applications/Xcode.app/Contents/Developer/Platforms/iPhoneSimulator.platform/Developer/usr/bin/gcc -std=gnu99 -arch i386 -pipe -Os -gdwarf-2 -isysroot /Applications/Xcode.app/Contents/Developer/Platforms/iPhoneSimulator.platform/Developer/SDKs/iPhoneSimulator5.1.1.sdk -D__IPHONE_OS_VERSION_MIN_REQUIRED=50000 -I/usr/include -arch i386 -isysroot /Applications/Xcode.app/Contents/Developer/Platforms/iPhoneSimulator.platform/Developer/SDKs/iPhoneSimulator5.1.1.sdk -o libconftest.dylib -dynamiclib -Wl,-single_module conftest.c
configure:10990: result: yes
configure:10992: checking for -exported_symbols_list linker flag
configure:11022: /Applications/Xcode.app/Contents/Developer/Platforms/iPhoneSimulator.platform/Developer/usr/bin/gcc -std=gnu99 -o conftest -arch i386 -pipe -Os -gdwarf-2 -isysroot /Applications/Xcode.app/Contents/Developer/Platforms/iPhoneSimulator.platform/Developer/SDKs/iPhoneSimulator5.1.1.sdk -D__IPHONE_OS_VERSION_MIN_REQUIRED=50000 -I/usr/include  -arch i386 -isysroot /Applications/Xcode.app/Contents/Developer/Platforms/iPhoneSimulator.platform/Developer/SDKs/iPhoneSimulator5.1.1.sdk -Wl,-exported_symbols_list,conftest.sym conftest.c -lpthread -lm -lblas -llapack  >&5
configure:11028: $? = 0
configure:11047: result: yes
configure:11049: checking for -force_load linker flag
/Applications/Xcode.app/Contents/Developer/Platforms/iPhoneSimulator.platform/Developer/usr/bin/gcc -std=gnu99 -arch i386 -pipe -Os -gdwarf-2 -isysroot /Applications/Xcode.app/Contents/Developer/Platforms/iPhoneSimulator.platform/Developer/SDKs/iPhoneSimulator5.1.1.sdk -D__IPHONE_OS_VERSION_MIN_REQUIRED=50000 -I/usr/include -c -o conftest.o conftest.c
ar cru libconftest.a conftest.o
ranlib libconftest.a
/Applications/Xcode.app/Contents/Developer/Platforms/iPhoneSimulator.platform/Developer/usr/bin/gcc -std=gnu99 -arch i386 -pipe -Os -gdwarf-2 -isysroot /Applications/Xcode.app/Contents/Developer/Platforms/iPhoneSimulator.platform/Developer/SDKs/iPhoneSimulator5.1.1.sdk -D__IPHONE_OS_VERSION_MIN_REQUIRED=50000 -I/usr/include -arch i386 -isysroot /Applications/Xcode.app/Contents/Developer/Platforms/iPhoneSimulator.platform/Developer/SDKs/iPhoneSimulator5.1.1.sdk -o conftest conftest.c -Wl,-force_load,./libconftest.a
configure:11079: result: yes
configure:11120: checking for dlfcn.h
configure:11141: /Applications/Xcode.app/Contents/Developer/Platforms/iPhoneSimulator.platform/Developer/usr/bin/gcc -std=gnu99 -c -arch i386 -pipe -Os -gdwarf-2 -isysroot /Applications/Xcode.app/Contents/Developer/Platforms/iPhoneSimulator.platform/Developer/SDKs/iPhoneSimulator5.1.1.sdk -D__IPHONE_OS_VERSION_MIN_REQUIRED=50000 -I/usr/include  conftest.c >&5
configure:11147: $? = 0
configure:11163: result: yes
configure:11350: checking for objdir
configure:11365: result: .libs
configure:11636: checking if /Applications/Xcode.app/Contents/Developer/Platforms/iPhoneSimulator.platform/Developer/usr/bin/gcc -std=gnu99 supports -fno-rtti -fno-exceptions
configure:11654: /Applications/Xcode.app/Contents/Developer/Platforms/iPhoneSimulator.platform/Developer/usr/bin/gcc -std=gnu99 -c -arch i386 -pipe -Os -gdwarf-2 -isysroot /Applications/Xcode.app/Contents/Developer/Platforms/iPhoneSimulator.platform/Developer/SDKs/iPhoneSimulator5.1.1.sdk -D__IPHONE_OS_VERSION_MIN_REQUIRED=50000 -I/usr/include  -fno-rtti -fno-exceptions conftest.c >&5
cc1: warning: command line option "-fno-rtti" is valid for C++/ObjC++ but not for C
configure:11658: $? = 0
configure:11671: result: no
configure:11691: checking for /Applications/Xcode.app/Contents/Developer/Platforms/iPhoneSimulator.platform/Developer/usr/bin/gcc -std=gnu99 option to produce PIC
configure:11976: result: -fno-common -DPIC
configure:11988: checking if /Applications/Xcode.app/Contents/Developer/Platforms/iPhoneSimulator.platform/Developer/usr/bin/gcc -std=gnu99 PIC flag -fno-common -DPIC works
configure:12006: /Applications/Xcode.app/Contents/Developer/Platforms/iPhoneSimulator.platform/Developer/usr/bin/gcc -std=gnu99 -c -arch i386 -pipe -Os -gdwarf-2 -isysroot /Applications/Xcode.app/Contents/Developer/Platforms/iPhoneSimulator.platform/Developer/SDKs/iPhoneSimulator5.1.1.sdk -D__IPHONE_OS_VERSION_MIN_REQUIRED=50000 -I/usr/include  -fno-common -DPIC -DPIC conftest.c >&5
configure:12010: $? = 0
configure:12023: result: yes
configure:12047: checking if /Applications/Xcode.app/Contents/Developer/Platforms/iPhoneSimulator.platform/Developer/usr/bin/gcc -std=gnu99 static flag -static works
configure:12075: result: no
configure:12090: checking if /Applications/Xcode.app/Contents/Developer/Platforms/iPhoneSimulator.platform/Developer/usr/bin/gcc -std=gnu99 supports -c -o file.o
configure:12111: /Applications/Xcode.app/Contents/Developer/Platforms/iPhoneSimulator.platform/Developer/usr/bin/gcc -std=gnu99 -c -arch i386 -pipe -Os -gdwarf-2 -isysroot /Applications/Xcode.app/Contents/Developer/Platforms/iPhoneSimulator.platform/Developer/SDKs/iPhoneSimulator5.1.1.sdk -D__IPHONE_OS_VERSION_MIN_REQUIRED=50000 -I/usr/include  -o out/conftest2.o conftest.c >&5
configure:12115: $? = 0
configure:12137: result: yes
configure:12145: checking if /Applications/Xcode.app/Contents/Developer/Platforms/iPhoneSimulator.platform/Developer/usr/bin/gcc -std=gnu99 supports -c -o file.o
configure:12192: result: yes
configure:12225: checking whether the /Applications/Xcode.app/Contents/Developer/Platforms/iPhoneSimulator.platform/Developer/usr/bin/gcc -std=gnu99 linker (/Applications/Xcode.app/Contents/Developer/usr/llvm-gcc-4.2/libexec/gcc/i686-apple-darwin11/4.2.1/ld) supports shared libraries
configure:13376: result: yes
configure:13621: checking dynamic linker characteristics
configure:14326: result: darwin dyld
configure:14433: checking how to hardcode library paths into programs
configure:14458: result: immediate
configure:15283: checking whether stripping libraries is possible
configure:15297: result: yes
configure:15323: checking if libtool supports shared libraries
configure:15325: result: yes
configure:15328: checking whether to build shared libraries
configure:15349: result: no
configure:15352: checking whether to build static libraries
configure:15356: result: yes
configure:15394: checking for doxygen
configure:15422: result: no
configure:15464: checking for python
configure:15482: found /usr/local/bin/python
configure:15495: result: /usr/local/bin/python
configure:15505: checking for python-config
configure:15523: found /usr/local/bin/python-config
configure:15536: result: /usr/local/bin/python-config
configure:15558: checking Python.h usability
configure:15575: /Applications/Xcode.app/Contents/Developer/Platforms/iPhoneSimulator.platform/Developer/usr/bin/gcc -std=gnu99 -c -arch i386 -pipe -Os -gdwarf-2 -isysroot /Applications/Xcode.app/Contents/Developer/Platforms/iPhoneSimulator.platform/Developer/SDKs/iPhoneSimulator5.1.1.sdk -D__IPHONE_OS_VERSION_MIN_REQUIRED=50000 -I/usr/include  -I/Library/Frameworks/Python.framework/Versions/2.7/include/python2.7 -I/Library/Frameworks/Python.framework/Versions/2.7/include/python2.7 conftest.c >&5
In file included from /Library/Frameworks/Python.framework/Versions/2.7/include/python2.7/Python.h:8,
                 from conftest.c:70:
/Library/Frameworks/Python.framework/Versions/2.7/include/python2.7/pyconfig.h:989:1: warning: "SIZEOF_LONG" redefined
conftest.c:20:1: warning: this is the location of the previous definition
configure:15581: $? = 0
configure:15595: result: yes
configure:15599: checking Python.h presence
configure:15614: /Applications/Xcode.app/Contents/Developer/Platforms/iPhoneSimulator.platform/Developer/usr/bin/cpp  -I/Library/Frameworks/Python.framework/Versions/2.7/include/python2.7 -I/Library/Frameworks/Python.framework/Versions/2.7/include/python2.7 conftest.c
In file included from /Library/Frameworks/Python.framework/Versions/2.7/include/python2.7/Python.h:9,
                 from conftest.c:38:
/Library/Frameworks/Python.framework/Versions/2.7/include/python2.7/pyconfig.h:989: warning: "SIZEOF_LONG" redefined
conftest.c:20: warning: this is the location of the previous definition
In file included from /usr/include/stdio.h:500,
                 from /Library/Frameworks/Python.framework/Versions/2.7/include/python2.7/Python.h:34,
                 from conftest.c:38:
/usr/include/secure/_stdio.h:49: error: syntax error in macro parameter list
/usr/include/secure/_stdio.h:57: error: syntax error in macro parameter list
configure:15620: $? = 1
configure: failed program was:
| /* confdefs.h.  */
| #define PACKAGE_NAME "sphinxbase"
| #define PACKAGE_TARNAME "sphinxbase"
| #define PACKAGE_VERSION "0.7"
| #define PACKAGE_STRING "sphinxbase 0.7"
| #define PACKAGE_BUGREPORT ""
| #define STDC_HEADERS 1
| #define HAVE_SYS_TYPES_H 1
| #define HAVE_SYS_STAT_H 1
| #define HAVE_STDLIB_H 1
| #define HAVE_STRING_H 1
| #define HAVE_MEMORY_H 1
| #define HAVE_STRINGS_H 1
| #define HAVE_INTTYPES_H 1
| #define HAVE_STDINT_H 1
| #define HAVE_UNISTD_H 1
| #define RETSIGTYPE void
| #define HAVE_LONG_LONG 1
| #define SIZEOF_LONG_LONG 8
| #define SIZEOF_LONG 4
| #define HAVE_POPEN 1
| #define HAVE_PERROR 1
| #define HAVE_SNPRINTF 1
| #define HAVE_ICONV 1
| #define ICONV_CONST 
| #define HAVE_LIBLAPACK 1
| #define HAVE_LIBBLAS 1
| #define WITH_LAPACK
| #define HAVE_LIBM 1
| #define HAVE_PTHREAD_H 1
| #define HAVE_LIBPTHREAD 1
| #define ENABLE_THREADS
| #define AD_BACKEND_NONE
| #define HAVE_DLFCN_H 1
| #define LT_OBJDIR ".libs/"
| /* end confdefs.h.  */
| #include <Python.h>
configure:15634: result: no
configure:15640: WARNING: Python.h: accepted by the compiler, rejected by the preprocessor!
configure:15642: WARNING: Python.h: proceeding with the compiler's result
configure:15662: checking for Python.h
configure:15669: result: yes
configure:15701: checking for cython
configure:15729: result: no
configure:15749: checking for pkg-config
configure:15765: found /usr/local/bin/pkg-config
configure:15777: result: yes
configure:15793: checking for i386-apple-darwin-pkg-config
configure:15826: result: no
configure:15836: checking for pkg-config
configure:15854: found /usr/local/bin/pkg-config
configure:15866: result: /usr/local/bin/pkg-config
configure:15895: checking pkg-config is at least version 0.9.0
configure:15898: result: yes
configure:15909: checking for SNDFILE
configure:15917: $PKG_CONFIG --exists --print-errors "sndfile"
Package sndfile was not found in the pkg-config search path.
Perhaps you should add the directory containing `sndfile.pc'
to the PKG_CONFIG_PATH environment variable
No package 'sndfile' found
configure:15920: $? = 1
configure:15935: $PKG_CONFIG --exists --print-errors "sndfile"
Package sndfile was not found in the pkg-config search path.
Perhaps you should add the directory containing `sndfile.pc'
to the PKG_CONFIG_PATH environment variable
No package 'sndfile' found
configure:15938: $? = 1
No package 'sndfile' found
configure:15966: result: no
configure:15993: checking sndfile.h usability
configure:16010: /Applications/Xcode.app/Contents/Developer/Platforms/iPhoneSimulator.platform/Developer/usr/bin/gcc -std=gnu99 -c -arch i386 -pipe -Os -gdwarf-2 -isysroot /Applications/Xcode.app/Contents/Developer/Platforms/iPhoneSimulator.platform/Developer/SDKs/iPhoneSimulator5.1.1.sdk -D__IPHONE_OS_VERSION_MIN_REQUIRED=50000 -I/usr/include  -I/Library/Frameworks/Python.framework/Versions/2.7/include/python2.7 -I/Library/Frameworks/Python.framework/Versions/2.7/include/python2.7 conftest.c >&5
conftest.c:70:21: error: sndfile.h: No such file or directory
configure:16016: $? = 1
configure: failed program was:
| /* confdefs.h.  */
| #define PACKAGE_NAME "sphinxbase"
| #define PACKAGE_TARNAME "sphinxbase"
| #define PACKAGE_VERSION "0.7"
| #define PACKAGE_STRING "sphinxbase 0.7"
| #define PACKAGE_BUGREPORT ""
| #define STDC_HEADERS 1
| #define HAVE_SYS_TYPES_H 1
| #define HAVE_SYS_STAT_H 1
| #define HAVE_STDLIB_H 1
| #define HAVE_STRING_H 1
| #define HAVE_MEMORY_H 1
| #define HAVE_STRINGS_H 1
| #define HAVE_INTTYPES_H 1
| #define HAVE_STDINT_H 1
| #define HAVE_UNISTD_H 1
| #define RETSIGTYPE void
| #define HAVE_LONG_LONG 1
| #define SIZEOF_LONG_LONG 8
| #define SIZEOF_LONG 4
| #define HAVE_POPEN 1
| #define HAVE_PERROR 1
| #define HAVE_SNPRINTF 1
| #define HAVE_ICONV 1
| #define ICONV_CONST 
| #define HAVE_LIBLAPACK 1
| #define HAVE_LIBBLAS 1
| #define WITH_LAPACK
| #define HAVE_LIBM 1
| #define HAVE_PTHREAD_H 1
| #define HAVE_LIBPTHREAD 1
| #define ENABLE_THREADS
| #define AD_BACKEND_NONE
| #define HAVE_DLFCN_H 1
| #define LT_OBJDIR ".libs/"
| /* end confdefs.h.  */
| #include <stdio.h>
| #ifdef HAVE_SYS_TYPES_H
| # include <sys/types.h>
| #endif
| #ifdef HAVE_SYS_STAT_H
| # include <sys/stat.h>
| #endif
| #ifdef STDC_HEADERS
| # include <stdlib.h>
| # include <stddef.h>
| #else
| # ifdef HAVE_STDLIB_H
| #  include <stdlib.h>
| # endif
| #endif
| #ifdef HAVE_STRING_H
| # if !defined STDC_HEADERS && defined HAVE_MEMORY_H
| #  include <memory.h>
| # endif
| # include <string.h>
| #endif
| #ifdef HAVE_STRINGS_H
| # include <strings.h>
| #endif
| #ifdef HAVE_INTTYPES_H
| # include <inttypes.h>
| #endif
| #ifdef HAVE_STDINT_H
| # include <stdint.h>
| #endif
| #ifdef HAVE_UNISTD_H
| # include <unistd.h>
| #endif
| #include <sndfile.h>
configure:16030: result: no
configure:16034: checking sndfile.h presence
configure:16049: /Applications/Xcode.app/Contents/Developer/Platforms/iPhoneSimulator.platform/Developer/usr/bin/cpp  -I/Library/Frameworks/Python.framework/Versions/2.7/include/python2.7 -I/Library/Frameworks/Python.framework/Versions/2.7/include/python2.7 conftest.c
conftest.c:37: error: sndfile.h: No such file or directory
configure:16055: $? = 1
configure: failed program was:
| /* confdefs.h.  */
| #define PACKAGE_NAME "sphinxbase"
| #define PACKAGE_TARNAME "sphinxbase"
| #define PACKAGE_VERSION "0.7"
| #define PACKAGE_STRING "sphinxbase 0.7"
| #define PACKAGE_BUGREPORT ""
| #define STDC_HEADERS 1
| #define HAVE_SYS_TYPES_H 1
| #define HAVE_SYS_STAT_H 1
| #define HAVE_STDLIB_H 1
| #define HAVE_STRING_H 1
| #define HAVE_MEMORY_H 1
| #define HAVE_STRINGS_H 1
| #define HAVE_INTTYPES_H 1
| #define HAVE_STDINT_H 1
| #define HAVE_UNISTD_H 1
| #define RETSIGTYPE void
| #define HAVE_LONG_LONG 1
| #define SIZEOF_LONG_LONG 8
| #define SIZEOF_LONG 4
| #define HAVE_POPEN 1
| #define HAVE_PERROR 1
| #define HAVE_SNPRINTF 1
| #define HAVE_ICONV 1
| #define ICONV_CONST 
| #define HAVE_LIBLAPACK 1
| #define HAVE_LIBBLAS 1
| #define WITH_LAPACK
| #define HAVE_LIBM 1
| #define HAVE_PTHREAD_H 1
| #define HAVE_LIBPTHREAD 1
| #define ENABLE_THREADS
| #define AD_BACKEND_NONE
| #define HAVE_DLFCN_H 1
| #define LT_OBJDIR ".libs/"
| /* end confdefs.h.  */
| #include <sndfile.h>
configure:16069: result: no
configure:16097: checking for sndfile.h
configure:16105: result: no
configure:16294: creating ./config.status

## ---------------- ##
## Cache variables. ##
## ---------------- ##

ac_cv_build=i386-apple-darwin11.4.0
ac_cv_c_bigendian=no
ac_cv_c_compiler_gnu=yes
ac_cv_env_CC_set=set
ac_cv_env_CC_value=/Applications/Xcode.app/Contents/Developer/Platforms/iPhoneSimulator.platform/Developer/usr/bin/gcc
ac_cv_env_CFLAGS_set=set
ac_cv_env_CFLAGS_value='-arch i386 -pipe -Os -gdwarf-2 -isysroot /Applications/Xcode.app/Contents/Developer/Platforms/iPhoneSimulator.platform/Developer/SDKs/iPhoneSimulator5.1.1.sdk -D__IPHONE_OS_VERSION_MIN_REQUIRED=50000 -I/usr/include'
ac_cv_env_CPPFLAGS_set=
ac_cv_env_CPPFLAGS_value=
ac_cv_env_CPP_set=set
ac_cv_env_CPP_value=/Applications/Xcode.app/Contents/Developer/Platforms/iPhoneSimulator.platform/Developer/usr/bin/cpp
ac_cv_env_LDFLAGS_set=set
ac_cv_env_LDFLAGS_value='-arch i386 -isysroot /Applications/Xcode.app/Contents/Developer/Platforms/iPhoneSimulator.platform/Developer/SDKs/iPhoneSimulator5.1.1.sdk'
ac_cv_env_LIBS_set=
ac_cv_env_LIBS_value=
ac_cv_env_PKG_CONFIG_set=
ac_cv_env_PKG_CONFIG_value=
ac_cv_env_SNDFILE_CFLAGS_set=
ac_cv_env_SNDFILE_CFLAGS_value=
ac_cv_env_SNDFILE_LIBS_set=
ac_cv_env_SNDFILE_LIBS_value=
ac_cv_env_YACC_set=
ac_cv_env_YACC_value=
ac_cv_env_build_alias_set=
ac_cv_env_build_alias_value=
ac_cv_env_host_alias_set=set
ac_cv_env_host_alias_value=i386-apple-darwin
ac_cv_env_target_alias_set=
ac_cv_env_target_alias_value=
ac_cv_func_perror=yes
ac_cv_func_popen=yes
ac_cv_func_snprintf=yes
ac_cv_header_Python_h=yes
ac_cv_header_dlfcn_h=yes
ac_cv_header_errno_h=yes
ac_cv_header_inttypes_h=yes
ac_cv_header_memory_h=yes
ac_cv_header_pthread_h=yes
ac_cv_header_sndfile_h=no
ac_cv_header_stdc=yes
ac_cv_header_stdint_h=yes
ac_cv_header_stdlib_h=yes
ac_cv_header_string_h=yes
ac_cv_header_strings_h=yes
ac_cv_header_sys_stat_h=yes
ac_cv_header_sys_types_h=yes
ac_cv_header_unistd_h=yes
ac_cv_host=i386-apple-darwin
ac_cv_lib_blas_sgemm_=yes
ac_cv_lib_lapack_sgesv_=yes
ac_cv_lib_m_log=yes
ac_cv_lib_pthread_pthread_create=yes
ac_cv_objext=o
ac_cv_path_EGREP='/usr/bin/grep -E'
ac_cv_path_FGREP='/usr/bin/grep -F'
ac_cv_path_GREP=/usr/bin/grep
ac_cv_path_PYTHON=/usr/local/bin/python
ac_cv_path_PYTHON_CONFIG=/usr/local/bin/python-config
ac_cv_path_SED=/usr/bin/sed
ac_cv_path_ac_pt_PKG_CONFIG=/usr/local/bin/pkg-config
ac_cv_path_install='/usr/local/bin/ginstall -c'
ac_cv_path_mkdir=/usr/local/bin/gmkdir
ac_cv_prog_AWK=awk
ac_cv_prog_CC=/Applications/Xcode.app/Contents/Developer/Platforms/iPhoneSimulator.platform/Developer/usr/bin/gcc
ac_cv_prog_CPP=/Applications/Xcode.app/Contents/Developer/Platforms/iPhoneSimulator.platform/Developer/usr/bin/cpp
ac_cv_prog_HAVE_CYTHON=no
ac_cv_prog_HAVE_DOXYGEN=no
ac_cv_prog_HAVE_PKGCONFIG=yes
ac_cv_prog_STRIP=strip
ac_cv_prog_YACC='bison -y'
ac_cv_prog_ac_ct_AR=ar
ac_cv_prog_ac_ct_DSYMUTIL=dsymutil
ac_cv_prog_ac_ct_DUMPBIN='link -dump'
ac_cv_prog_ac_ct_LIPO=lipo
ac_cv_prog_ac_ct_NMEDIT=nmedit
ac_cv_prog_ac_ct_OTOOL=otool
ac_cv_prog_ac_ct_RANLIB=ranlib
ac_cv_prog_ac_ct_STRIP=strip
ac_cv_prog_cc_c89=
ac_cv_prog_cc_c99=-std=gnu99
ac_cv_prog_cc_g=yes
ac_cv_prog_cc_stdc=-std=gnu99
ac_cv_prog_make_make_set=yes
ac_cv_search_strerror='none required'
ac_cv_sizeof_long=4
ac_cv_sizeof_long_long=8
ac_cv_type_long=yes
ac_cv_type_long_long=yes
ac_cv_type_signal=void
acl_cv_hardcode_direct=no
acl_cv_hardcode_libdir_flag_spec=
acl_cv_hardcode_libdir_separator=
acl_cv_hardcode_minus_L=no
acl_cv_libext=a
acl_cv_path_LD=/Applications/Xcode.app/Contents/Developer/usr/llvm-gcc-4.2/libexec/gcc/i686-apple-darwin11/4.2.1/ld
acl_cv_prog_gnu_ld=no
acl_cv_rpath=done
acl_cv_shlibext=dylib
acl_cv_wl=-Wl,
am_cv_CC_dependencies_compiler_type=gcc3
am_cv_func_iconv=yes
am_cv_lib_iconv=yes
am_cv_proto_iconv='extern size_t iconv (iconv_t cd, char * *inbuf, size_t *inbytesleft, char * *outbuf, size_t *outbytesleft);'
am_cv_proto_iconv_arg1=
lt_cv_apple_cc_single_mod=yes
lt_cv_deplibs_check_method=pass_all
lt_cv_file_magic_cmd='$MAGIC_CMD'
lt_cv_file_magic_test_file=
lt_cv_ld_exported_symbols_list=yes
lt_cv_ld_force_load=yes
lt_cv_ld_reload_flag=-r
lt_cv_nm_interface='BSD nm'
lt_cv_objdir=.libs
lt_cv_path_LD=/Applications/Xcode.app/Contents/Developer/usr/llvm-gcc-4.2/libexec/gcc/i686-apple-darwin11/4.2.1/ld
lt_cv_path_NM=no
lt_cv_prog_compiler_c_o=yes
lt_cv_prog_compiler_pic_works=yes
lt_cv_prog_compiler_rtti_exceptions=no
lt_cv_prog_compiler_static_works=no
lt_cv_prog_gnu_ld=no
lt_cv_sys_global_symbol_pipe='sed -n -e '\''s/^.*[	 ]\([BCDEGRST][BCDEGRST]*\)[	 ][	 ]*_\([_A-Za-z][_A-Za-z0-9]*\)$/\1 _\2 \2/p'\'''
lt_cv_sys_global_symbol_to_c_name_address='sed -n -e '\''s/^: \([^ ]*\) $/  {\"\1\", (void *) 0},/p'\'' -e '\''s/^[BCDEGRST]* \([^ ]*\) \([^ ]*\)$/  {"\2", (void *) \&\2},/p'\'''
lt_cv_sys_global_symbol_to_c_name_address_lib_prefix='sed -n -e '\''s/^: \([^ ]*\) $/  {\"\1\", (void *) 0},/p'\'' -e '\''s/^[BCDEGRST]* \([^ ]*\) \(lib[^ ]*\)$/  {"\2", (void *) \&\2},/p'\'' -e '\''s/^[BCDEGRST]* \([^ ]*\) \([^ ]*\)$/  {"lib\2", (void *) \&\2},/p'\'''
lt_cv_sys_global_symbol_to_cdecl='sed -n -e '\''s/^T .* \(.*\)$/extern int \1();/p'\'' -e '\''s/^[BCDEGRST]* .* \(.*\)$/extern char \1;/p'\'''
lt_cv_sys_max_cmd_len=196608

## ----------------- ##
## Output variables. ##
## ----------------- ##

ACLOCAL='${SHELL} /Users/james/src/moai-beta/3rdparty/sphinxbase-0.7/missing --run aclocal-1.10'
AMDEPBACKSLASH='\'
AMDEP_FALSE='#'
AMDEP_TRUE=''
AMTAR='${SHELL} /Users/james/src/moai-beta/3rdparty/sphinxbase-0.7/missing --run tar'
AR='ar'
AUTOCONF='${SHELL} /Users/james/src/moai-beta/3rdparty/sphinxbase-0.7/missing --run autoconf'
AUTOHEADER='${SHELL} /Users/james/src/moai-beta/3rdparty/sphinxbase-0.7/missing --run autoheader'
AUTOMAKE='${SHELL} /Users/james/src/moai-beta/3rdparty/sphinxbase-0.7/missing --run automake-1.10'
AWK='awk'
BUILD_CYTHON_FALSE=''
BUILD_CYTHON_TRUE='#'
BUILD_DOXYGEN_FALSE=''
BUILD_DOXYGEN_TRUE='#'
BUILD_PYTHON_FALSE='#'
BUILD_PYTHON_TRUE=''
CC='/Applications/Xcode.app/Contents/Developer/Platforms/iPhoneSimulator.platform/Developer/usr/bin/gcc -std=gnu99'
CCDEPMODE='depmode=gcc3'
CFLAGS='-arch i386 -pipe -Os -gdwarf-2 -isysroot /Applications/Xcode.app/Contents/Developer/Platforms/iPhoneSimulator.platform/Developer/SDKs/iPhoneSimulator5.1.1.sdk -D__IPHONE_OS_VERSION_MIN_REQUIRED=50000 -I/usr/include'
CPP='/Applications/Xcode.app/Contents/Developer/Platforms/iPhoneSimulator.platform/Developer/usr/bin/cpp'
CPPFLAGS=' -I/Library/Frameworks/Python.framework/Versions/2.7/include/python2.7 -I/Library/Frameworks/Python.framework/Versions/2.7/include/python2.7'
CYGPATH_W='echo'
DEFS='-DHAVE_CONFIG_H'
DEPDIR='.deps'
DSYMUTIL='dsymutil'
DUMPBIN=':'
ECHO_C='ECHO_N=''
ECHO_T=''
EGREP='/usr/bin/grep -E'
EXEEXT=''
FGREP='/usr/bin/grep -F'
FIXED_POINT_FALSE=''
FIXED_POINT_TRUE='#'
GREP='/usr/bin/grep'
HAVE_CYTHON='no'
HAVE_DOXYGEN='no'
HAVE_PKGCONFIG='yes'
INSTALL_DATA='${INSTALL} -m 644'
INSTALL_PROGRAM='${INSTALL}'
INSTALL_SCRIPT='${INSTALL}'
INSTALL_STRIP_PROGRAM='$(install_sh) -c -s'
LAPACK_LITE_FALSE=''
LAPACK_LITE_TRUE='#'
LD='/Applications/Xcode.app/Contents/Developer/usr/llvm-gcc-4.2/libexec/gcc/i686-apple-darwin11/4.2.1/ld'
LDFLAGS='-arch i386 -isysroot /Applications/Xcode.app/Contents/Developer/Platforms/iPhoneSimulator.platform/Developer/SDKs/iPhoneSimulator5.1.1.sdk'
LIBICONV='-liconv'
LIBOBJS=''
LIBS='-lpthread -lm -lblas -llapack '
LIBTOOL='$(SHELL) $(top_builddir)/libtool'
LIPO='lipo'
LN_S='ln -s'
LTLIBICONV='-liconv'
LTLIBOBJS=''
MAKEINFO='${SHELL} /Users/james/src/moai-beta/3rdparty/sphinxbase-0.7/missing --run makeinfo'
NM='nm'
NMEDIT='nmedit'
OBJDUMP='false'
OBJEXT='o'
OTOOL64=':'
OTOOL='otool'
PACKAGE='sphinxbase'
PACKAGE_BUGREPORT=''
PACKAGE_NAME='sphinxbase'
PACKAGE_STRING='sphinxbase 0.7'
PACKAGE_TARNAME='sphinxbase'
PACKAGE_VERSION='0.7'
PATH_SEPARATOR=':'
PKG_CONFIG='/usr/local/bin/pkg-config'
PYTHON='/usr/local/bin/python'
PYTHON_CONFIG='/usr/local/bin/python-config'
RANLIB='ranlib'
SED='/usr/bin/sed'
SET_MAKE=''
SHELL='/bin/sh'
SNDFILE_CFLAGS=''
SNDFILE_LIBS=''
STRIP='strip'
USE_LAPACK_FALSE='#'
USE_LAPACK_TRUE=''
USE_THREADS_FALSE='#'
USE_THREADS_TRUE=''
VERSION='0.7'
YACC='bison -y'
ac_ct_CC=''
ac_ct_DUMPBIN='link -dump'
ad_backend='AD_BACKEND_NONE'
ad_files='ad_base.lo'
ad_libs=''
am__fastdepCC_FALSE='#'
am__fastdepCC_TRUE=''
am__include='include'
am__isrc=''
am__leading_dot='.'
am__quote=''
am__tar='${AMTAR} chof - "$$tardir"'
am__untar='${AMTAR} xf -'
bindir='${exec_prefix}/bin'
build='i386-apple-darwin11.4.0'
build_alias=''
build_cpu='i386'
build_os='darwin11.4.0'
build_vendor='apple'
datadir='${datarootdir}'
datarootdir='${prefix}/share'
docdir='${datarootdir}/doc/${PACKAGE_TARNAME}'
dvidir='${docdir}'
exec_prefix='${prefix}'
host='i386-apple-darwin'
host_alias='i386-apple-darwin'
host_cpu='i386'
host_os='darwin'
host_vendor='apple'
htmldir='${docdir}'
includedir='${prefix}/include'
infodir='${datarootdir}/info'
install_sh='$(SHELL) /Users/james/src/moai-beta/3rdparty/sphinxbase-0.7/install-sh'
libdir='${exec_prefix}/lib'
libexecdir='${exec_prefix}/libexec'
localedir='${datarootdir}/locale'
localstatedir='${prefix}/var'
mandir='${datarootdir}/man'
mkdir_p='/usr/local/bin/gmkdir -p'
oldincludedir='/usr/include'
pdfdir='${docdir}'
prefix='/Users/james/Applications/Xcode.app/Contents/Developer/Platforms/iPhoneSimulator.platform/Developer/SDKs/iPhoneSimulator5.1.1.sdk'
program_transform_name='s,x,x,'
psdir='${docdir}'
sbindir='${exec_prefix}/sbin'
sharedstatedir='${prefix}/com'
sysconfdir='${prefix}/etc'
target_alias=''

## ----------- ##
## confdefs.h. ##
## ----------- ##

#define PACKAGE_NAME "sphinxbase"
#define PACKAGE_TARNAME "sphinxbase"
#define PACKAGE_VERSION "0.7"
#define PACKAGE_STRING "sphinxbase 0.7"
#define PACKAGE_BUGREPORT ""
#define STDC_HEADERS 1
#define HAVE_SYS_TYPES_H 1
#define HAVE_SYS_STAT_H 1
#define HAVE_STDLIB_H 1
#define HAVE_STRING_H 1
#define HAVE_MEMORY_H 1
#define HAVE_STRINGS_H 1
#define HAVE_INTTYPES_H 1
#define HAVE_STDINT_H 1
#define HAVE_UNISTD_H 1
#define RETSIGTYPE void
#define HAVE_LONG_LONG 1
#define SIZEOF_LONG_LONG 8
#define SIZEOF_LONG 4
#define HAVE_POPEN 1
#define HAVE_PERROR 1
#define HAVE_SNPRINTF 1
#define HAVE_ICONV 1
#define ICONV_CONST 
#define HAVE_LIBLAPACK 1
#define HAVE_LIBBLAS 1
#define WITH_LAPACK
#define HAVE_LIBM 1
#define HAVE_PTHREAD_H 1
#define HAVE_LIBPTHREAD 1
#define ENABLE_THREADS
#define AD_BACKEND_NONE
#define HAVE_DLFCN_H 1
#define LT_OBJDIR ".libs/"

configure: exit 0

## ---------------------- ##
## Running config.status. ##
## ---------------------- ##

This file was extended by sphinxbase config.status 0.7, which was
generated by GNU Autoconf 2.61.  Invocation command line was

  CONFIG_FILES    = 
  CONFIG_HEADERS  = 
  CONFIG_LINKS    = 
  CONFIG_COMMANDS = 
  $ ./config.status 

on Jamess-MacBook-Pro.local

config.status:916: creating sphinxbase.pc
config.status:916: creating Makefile
config.status:916: creating include/Makefile
config.status:916: creating include/sphinxbase/Makefile
config.status:916: creating python/Makefile
config.status:916: creating python/setup.py
config.status:916: creating src/Makefile
config.status:916: creating src/libsphinxad/Makefile
config.status:916: creating src/libsphinxbase/Makefile
config.status:916: creating src/libsphinxbase/util/Makefile
config.status:916: creating src/libsphinxbase/feat/Makefile
config.status:916: creating src/libsphinxbase/fe/Makefile
config.status:916: creating src/libsphinxbase/lm/Makefile
config.status:916: creating src/sphinx_fe/Makefile
config.status:916: creating src/sphinx_cepview/Makefile
config.status:916: creating src/sphinx_jsgf2fsg/Makefile
config.status:916: creating src/sphinx_adtools/Makefile
config.status:916: creating src/sphinx_lmtools/Makefile
config.status:916: creating doc/Makefile
config.status:916: creating doc/doxyfile
config.status:916: creating test/Makefile
config.status:916: creating test/unit/testfuncs.sh
config.status:916: creating test/unit/Makefile
config.status:916: creating test/unit/test_ad/Makefile
config.status:916: creating test/unit/test_alloc/Makefile
config.status:916: creating test/unit/test_bitvec/Makefile
config.status:916: creating test/unit/test_case/Makefile
config.status:916: creating test/unit/test_string/Makefile
config.status:916: creating test/unit/test_cmdln/Makefile
config.status:916: creating test/unit/test_hash/Makefile
config.status:916: creating test/unit/test_matrix/Makefile
config.status:916: creating test/unit/test_feat/Makefile
config.status:916: creating test/unit/test_fe/Makefile
config.status:916: creating test/unit/test_logmath/Makefile
config.status:916: creating test/unit/test_ngram/Makefile
config.status:916: creating test/unit/test_fsg/Makefile
config.status:916: creating test/unit/test_thread/Makefile
config.status:916: creating test/unit/test_util/Makefile
config.status:916: creating test/regression/testfuncs.sh
config.status:916: creating test/regression/Makefile
config.status:916: creating include/config.h
config.status:1159: include/config.h is unchanged
config.status:916: creating include/sphinx_config.h
config.status:1159: include/sphinx_config.h is unchanged
config.status:1205: executing depfiles commands
config.status:1205: executing libtool commands
